TN:
SF:/Users/johnny/Desktop/class_notes/Projects/GivingWeb/GivingWeb/server.js
FN:7,(anonymous_0)
FN:11,(anonymous_1)
FNF:2
FNH:0
FNDA:0,(anonymous_0)
FNDA:0,(anonymous_1)
DA:1,0
DA:2,0
DA:3,0
DA:5,0
DA:7,0
DA:8,0
DA:11,0
DA:12,0
LF:8
LH:0
BRF:0
BRH:0
end_of_record
TN:
SF:/Users/johnny/Desktop/class_notes/Projects/GivingWeb/GivingWeb/webpack.common.js
FNF:0
FNH:0
DA:1,0
DA:2,0
DA:3,0
DA:5,0
DA:43,0
LF:5
LH:0
BRF:0
BRH:0
end_of_record
TN:
SF:/Users/johnny/Desktop/class_notes/Projects/GivingWeb/GivingWeb/webpack.dev.js
FNF:0
FNH:0
DA:1,0
DA:2,0
DA:3,0
DA:5,0
LF:4
LH:0
BRF:0
BRH:0
end_of_record
TN:
SF:/Users/johnny/Desktop/class_notes/Projects/GivingWeb/GivingWeb/webpack.prod.js
FNF:0
FNH:0
DA:1,0
DA:2,0
DA:3,0
DA:4,0
DA:5,0
DA:7,0
LF:6
LH:0
BRF:0
BRH:0
end_of_record
TN:
SF:/Users/johnny/Desktop/class_notes/Projects/GivingWeb/GivingWeb/build/app.bundle.js
FN:1,(anonymous_0)
FN:1,(anonymous_1)
FN:1,(anonymous_2)
FN:1,t
FN:1,(anonymous_4)
FN:1,(anonymous_5)
FN:1,(anonymous_6)
FN:1,(anonymous_7)
FN:1,(anonymous_8)
FN:1,(anonymous_9)
FN:1,r
FN:1,(anonymous_11)
FN:1,o
FN:1,(anonymous_13)
FN:1,(anonymous_14)
FN:1,(anonymous_15)
FN:1,r
FN:1,(anonymous_17)
FN:1,r
FN:6,(anonymous_19)
FN:6,(anonymous_20)
FN:6,(anonymous_21)
FN:6,(anonymous_22)
FN:6,(anonymous_23)
FN:6,r
FN:6,o
FN:6,a
FN:6,i
FN:6,u
FN:6,s
FN:6,c
FN:6,l
FN:6,(anonymous_32)
FN:6,r
FN:6,(anonymous_34)
FN:6,(anonymous_35)
FN:6,(anonymous_36)
FN:6,(anonymous_37)
FN:6,(anonymous_38)
FN:6,(anonymous_39)
FN:6,(anonymous_40)
FN:6,(anonymous_41)
FN:6,(anonymous_42)
FN:6,r
FN:6,(anonymous_44)
FN:6,o
FN:6,(anonymous_46)
FN:6,(anonymous_47)
FN:6,(anonymous_48)
FN:6,r
FN:6,(anonymous_50)
FN:6,(anonymous_51)
FN:6,r
FN:6,o
FN:6,a
FN:6,i
FN:6,u
FN:6,s
FN:6,c
FN:6,l
FN:6,p
FN:6,f
FN:6,d
FN:6,h
FN:6,m
FN:6,v
FN:6,y
FN:6,g
FN:6,b
FN:6,_
FN:6,e
FN:6,w
FN:6,(anonymous_72)
FN:6,(anonymous_73)
FN:6,(anonymous_74)
FN:6,(anonymous_75)
FN:6,(anonymous_76)
FN:6,(anonymous_77)
FN:6,(anonymous_78)
FN:6,(anonymous_79)
FN:6,r
FN:6,o
FN:6,a
FN:6,i
FN:6,u
FN:6,s
FN:6,c
FN:6,initialize
FN:6,close
FN:6,initialize
FN:6,close
FN:6,getTransactionWrappers
FN:6,destructor
FN:6,perform
FN:6,P
FN:6,injectReconcileTransaction
FN:6,injectBatchingStrategy
FN:6,(anonymous_97)
FN:6,(anonymous_98)
FN:6,(anonymous_99)
FN:6,(anonymous_100)
FN:6,(anonymous_101)
FN:6,(anonymous_102)
FN:6,(anonymous_103)
FN:6,(anonymous_104)
FN:6,(anonymous_105)
FN:6,(anonymous_106)
FN:6,(anonymous_107)
FN:6,(anonymous_108)
FN:6,(anonymous_109)
FN:6,(anonymous_110)
FN:6,(anonymous_111)
FN:6,(anonymous_112)
FN:6,r
FN:6,timeStamp
FN:6,preventDefault
FN:6,stopPropagation
FN:6,persist
FN:6,destructor
FN:6,(anonymous_119)
FN:6,r
FN:6,(anonymous_121)
FN:6,(anonymous_122)
FN:6,a
FN:6,i
FN:6,u
FN:6,s
FN:6,l
FN:6,(anonymous_128)
FN:6,v
FN:6,(anonymous_130)
FN:6,r
FN:6,o
FN:6,l
FN:6,(anonymous_134)
FN:6,(anonymous_135)
FN:6,(anonymous_136)
FN:6,(anonymous_137)
FN:6,(anonymous_138)
FN:6,(anonymous_139)
FN:6,r
FN:6,injectDOMPropertyConfig
FN:6,isCustomAttribute
FN:6,(anonymous_143)
FN:6,r
FN:6,mountComponent
FN:6,getHostNode
FN:6,unmountComponent
FN:6,receiveComponent
FN:6,performUpdateIfNecessary
FN:6,(anonymous_150)
FN:6,r
FN:6,o
FN:6,a
FN:6,i
FN:6,u
FN:6,s
FN:6,c
FN:6,(anonymous_158)
FN:6,(anonymous_159)
FN:6,r
FN:6,(anonymous_161)
FN:6,r
FN:6,o
FN:6,a
FN:6,i
FN:6,u
FN:6,s
FN:6,c
FN:6,l
FN:6,p
FN:6,f
FN:6,(anonymous_172)
FN:6,r
FN:6,o
FN:6,d
FN:6,h
FN:6,m
FN:6,v
FN:6,putListener
FN:6,getListener
FN:6,deleteListener
FN:6,deleteAllListeners
FN:6,extractEvents
FN:6,enqueueEvents
FN:6,processEventQueue
FN:6,__purge
FN:6,__getListenerBank
FN:6,(anonymous_188)
FN:6,r
FN:6,view
FN:6,detail
FN:6,(anonymous_192)
FN:6,remove
FN:6,get
FN:6,has
FN:6,set
FN:6,(anonymous_197)
FN:6,(anonymous_198)
FN:6,(anonymous_199)
FN:6,(anonymous_200)
FN:6,(anonymous_201)
FN:6,(anonymous_202)
FN:6,(anonymous_203)
FN:6,(anonymous_204)
FN:6,(anonymous_205)
FN:6,(anonymous_206)
FN:6,(anonymous_207)
FN:6,(anonymous_208)
FN:6,(anonymous_209)
FN:6,(anonymous_210)
FN:6,(anonymous_211)
FN:6,(anonymous_212)
FN:6,r
FN:6,o
FN:6,a
FN:6,i
FN:6,u
FN:6,s
FN:6,c
FN:6,(anonymous_220)
FN:6,(anonymous_221)
FN:6,reinitializeTransaction
FN:6,isInTransaction
FN:6,perform
FN:6,initializeAll
FN:6,closeAll
FN:6,(anonymous_227)
FN:6,r
FN:6,button
FN:6,relatedTarget
FN:6,pageX
FN:6,pageY
FN:6,(anonymous_233)
FN:6,(anonymous_234)
FN:6,c
FN:6,(anonymous_236)
FN:6,r
FN:6,o
FN:6,(anonymous_239)
FN:6,r
FN:6,injectReactEventListener
FN:6,setEnabled
FN:6,isEnabled
FN:6,listenTo
FN:6,trapBubbledEvent
FN:6,trapCapturedEvent
FN:6,supportsEventPageXY
FN:6,ensureScrollValueMonitoring
FN:6,(anonymous_249)
FN:6,r
FN:6,o
FN:6,a
FN:6,(anonymous_253)
FN:6,(anonymous_254)
FN:6,t
FN:6,(anonymous_256)
FN:6,(anonymous_257)
FN:6,(anonymous_258)
FN:6,(anonymous_259)
FN:6,(anonymous_260)
FN:6,(anonymous_261)
FN:6,(anonymous_262)
FN:6,(anonymous_263)
FN:6,u
FN:6,s
FN:6,(anonymous_266)
FN:6,(anonymous_267)
FN:6,(anonymous_268)
FN:6,(anonymous_269)
FN:6,(anonymous_270)
FN:6,u
FN:6,s
FN:6,(anonymous_273)
FN:6,r
FN:6,(anonymous_275)
FN:6,r
FN:6,o
FN:6,a
FN:6,i
FN:6,(anonymous_280)
FN:6,e
FN:6,(anonymous_282)
FN:6,(anonymous_283)
FN:6,t
FN:6,value
FN:6,value
FN:6,(anonymous_287)
FN:6,r
FN:6,o
FN:6,a
FN:6,injectEventPluginOrder
FN:6,injectEventPluginsByName
FN:6,getPluginModuleForEvent
FN:6,_resetEventPlugins
FN:6,(anonymous_295)
FN:6,r
FN:6,o
FN:6,a
FN:6,i
FN:6,u
FN:6,s
FN:6,c
FN:6,l
FN:6,p
FN:6,injectComponentTree
FN:6,injectTreeTraversal
FN:6,getInstanceFromNode
FN:6,getNodeFromInstance
FN:6,isAncestor
FN:6,getLowestCommonAncestor
FN:6,getParentInstance
FN:6,traverseTwoPhase
FN:6,traverseEnterLeave
FN:6,(anonymous_314)
FN:6,r
FN:6,rethrowCaughtError
FN:6,(anonymous_317)
FN:6,r
FN:6,(anonymous_319)
FN:20,r
FN:20,(anonymous_321)
FN:20,r
FN:20,o
FN:20,(anonymous_324)
FN:20,r
FN:20,o
FN:20,a
FN:20,i
FN:20,u
FN:20,s
FN:20,c
FN:20,(anonymous_332)
FN:20,processUpdates
FN:20,(anonymous_334)
FN:20,(anonymous_335)
FN:20,r
FN:20,(anonymous_337)
FN:20,(anonymous_338)
FN:20,(anonymous_339)
FN:20,r
FN:20,o
FN:20,a
FN:20,i
FN:20,value
FN:20,checked
FN:20,checkPropTypes
FN:20,getValue
FN:20,getChecked
FN:20,executeOnChange
FN:20,(anonymous_350)
FN:20,injectEnvironment
FN:20,(anonymous_352)
FN:20,n
FN:20,r
FN:20,o
FN:20,a
FN:20,i
FN:20,u
FN:20,s
FN:20,c
FN:20,(anonymous_361)
FN:20,(anonymous_362)
FN:20,(anonymous_363)
FN:20,(anonymous_364)
FN:20,(anonymous_365)
FN:20,(anonymous_366)
FN:20,(anonymous_367)
FN:20,(anonymous_368)
FN:20,(anonymous_369)
FN:20,r
FN:20,o
FN:20,(anonymous_372)
FN:20,r
FN:20,(anonymous_374)
FN:20,r
FN:20,(anonymous_376)
FN:20,o
FN:20,(anonymous_378)
FN:20,(anonymous_379)
FN:20,r
FN:20,o
FN:20,a
FN:20,isMounted
FN:20,enqueueCallback
FN:20,enqueueCallbackInternal
FN:20,enqueueForceUpdate
FN:20,enqueueReplaceState
FN:20,enqueueSetState
FN:20,enqueueElementInternal
FN:20,validateCallback
FN:20,(anonymous_391)
FN:20,(anonymous_392)
FN:20,r
FN:20,(anonymous_394)
FN:20,r
FN:20,(anonymous_396)
FN:20,(anonymous_397)
FN:20,(anonymous_398)
FN:20,(anonymous_399)
FN:20,(anonymous_400)
FN:20,a
FN:20,t
FN:20,(anonymous_403)
FN:20,n
FN:20,appendListener
FN:20,n
FN:20,(anonymous_407)
FN:20,(anonymous_408)
FN:20,notifyListeners
FN:20,(anonymous_410)
FN:20,(anonymous_411)
FN:20,(anonymous_412)
FN:20,r
FN:20,o
FN:20,a
FN:20,(anonymous_416)
FN:20,v
FN:20,(anonymous_418)
FN:20,t
FN:20,(anonymous_420)
FN:20,(anonymous_421)
FN:20,(anonymous_422)
FN:20,(anonymous_423)
FN:20,(anonymous_424)
FN:20,(anonymous_425)
FN:20,a
FN:20,t
FN:20,(anonymous_428)
FN:20,n
FN:20,appendListener
FN:20,n
FN:20,(anonymous_432)
FN:20,(anonymous_433)
FN:20,notifyListeners
FN:20,(anonymous_435)
FN:20,(anonymous_436)
FN:20,r
FN:20,(anonymous_438)
FN:20,r
FN:20,(anonymous_440)
FN:20,(anonymous_441)
FN:20,(anonymous_442)
FN:20,r
FN:20,(anonymous_444)
FN:20,(anonymous_445)
FN:20,(anonymous_446)
FN:20,validateStatus
FN:20,(anonymous_448)
FN:20,(anonymous_449)
FN:20,(anonymous_450)
FN:20,r
FN:20,o
FN:20,a
FN:20,(anonymous_454)
FN:20,(anonymous_455)
FN:20,(anonymous_456)
FN:20,isMounted
FN:20,enqueueCallback
FN:20,enqueueForceUpdate
FN:20,enqueueReplaceState
FN:20,enqueueSetState
FN:20,(anonymous_462)
FN:20,(anonymous_463)
FN:20,(anonymous_464)
FN:20,(anonymous_465)
FN:20,(anonymous_466)
FN:20,(anonymous_467)
FN:20,(anonymous_468)
FN:20,r
FN:20,(anonymous_470)
FN:20,r
FN:20,(anonymous_472)
FN:20,r
FN:20,(anonymous_474)
FN:20,r
FN:20,(anonymous_476)
FN:20,e
FN:20,(anonymous_478)
FN:20,(anonymous_479)
FN:20,(anonymous_480)
FN:20,(anonymous_481)
FN:20,(anonymous_482)
FN:20,(anonymous_483)
FN:20,(anonymous_484)
FN:20,(anonymous_485)
FN:20,r
FN:20,o
FN:20,a
FN:20,i
FN:20,u
FN:20,_getTrackerFromNode
FN:20,track
FN:20,get
FN:20,set
FN:20,getValue
FN:20,setValue
FN:20,stopTracking
FN:20,updateValueIfChanged
FN:20,stopTracking
FN:20,(anonymous_500)
FN:20,r
FN:20,(anonymous_502)
FN:20,refreshScrollValues
FN:20,(anonymous_504)
FN:20,i
FN:20,i
FN:20,(anonymous_507)
FN:20,r
FN:20,(anonymous_509)
FN:20,r
FN:20,(anonymous_511)
FN:20,(anonymous_512)
FN:20,(anonymous_513)
FN:20,r
FN:20,o
FN:20,createMarkupForID
FN:20,setAttributeForID
FN:20,createMarkupForRoot
FN:20,setAttributeForRoot
FN:20,createMarkupForProperty
FN:20,createMarkupForCustomAttribute
FN:20,setValueForProperty
FN:20,setValueForAttribute
FN:20,deleteValueForAttribute
FN:20,deleteValueForProperty
FN:20,(anonymous_526)
FN:20,r
FN:20,o
FN:20,a
FN:20,getHostProps
FN:20,mountWrapper
FN:20,getSelectValueContext
FN:20,postUpdateWrapper
FN:20,(anonymous_534)
FN:20,r
FN:20,o
FN:20,a
FN:20,(anonymous_538)
FN:20,(anonymous_539)
FN:20,getType
FN:20,(anonymous_541)
FN:20,injectEmptyComponentFactory
FN:20,create
FN:20,(anonymous_544)
FN:20,r
FN:20,o
FN:20,a
FN:20,injectGenericComponentClass
FN:20,injectTextComponentClass
FN:20,(anonymous_550)
FN:20,r
FN:20,o
FN:20,a
FN:20,(anonymous_554)
FN:20,r
FN:20,o
FN:20,a
FN:20,i
FN:20,u
FN:20,s
FN:20,c
FN:20,l
FN:20,p
FN:20,f
FN:20,d
FN:20,h
FN:20,E
FN:20,C
FN:20,s
FN:20,c
FN:20,l
FN:20,p
FN:20,f
FN:20,d
FN:20,h
FN:20,onSetChildren
FN:20,onBeforeMountComponent
FN:20,onBeforeUpdateComponent
FN:20,onMountComponent
FN:20,onUpdateComponent
FN:20,onUnmountComponent
FN:20,purgeUnmountedComponents
FN:20,isMounted
FN:20,getCurrentStackAddendum
FN:20,getStackAddendumByID
FN:20,getChildIDs
FN:20,getDisplayName
FN:20,getElement
FN:20,getOwnerID
FN:20,getParentID
FN:20,getSource
FN:20,getText
FN:20,getUpdateCount
FN:20,pushNonStandardWarningStack
FN:20,popNonStandardWarningStack
FN:20,(anonymous_596)
FN:20,listen
FN:20,remove
FN:20,remove
FN:20,capture
FN:20,remove
FN:20,registerDefault
FN:20,(anonymous_603)
FN:20,r
FN:20,hasSelectionCapabilities
FN:20,getSelectionInformation
FN:20,restoreSelection
FN:20,getSelection
FN:20,setSelection
FN:20,(anonymous_610)
FN:20,r
FN:20,(anonymous_612)
FN:20,r
FN:20,o
FN:20,a
FN:20,i
FN:20,u
FN:20,s
FN:20,c
FN:20,l
FN:20,p
FN:20,f
FN:20,U
FN:20,(anonymous_624)
FN:20,scrollMonitor
FN:20,_updateRootComponent
FN:20,(anonymous_627)
FN:20,_renderNewRootComponent
FN:20,renderSubtreeIntoContainer
FN:20,_renderSubtreeIntoContainer
FN:20,(anonymous_631)
FN:20,render
FN:20,unmountComponentAtNode
FN:20,_mountImageIntoNode
FN:20,(anonymous_635)
FN:20,r
FN:20,(anonymous_637)
FN:20,r
FN:20,(anonymous_639)
FN:20,(anonymous_640)
FN:20,(anonymous_641)
FN:20,m
FN:20,v
FN:20,_
FN:20,w
FN:20,C
FN:20,O
FN:20,P
FN:20,T
FN:20,(anonymous_650)
FN:20,S
FN:20,R
FN:20,M
FN:20,(anonymous_654)
FN:20,j
FN:20,(anonymous_656)
FN:20,A
FN:20,I
FN:20,D
FN:20,U
FN:20,B
FN:20,(anonymous_662)
FN:20,H
FN:20,(anonymous_664)
FN:20,(anonymous_665)
FN:20,r
FN:20,o
FN:20,a
FN:20,(anonymous_669)
FN:20,r
FN:20,(anonymous_671)
FN:20,(anonymous_672)
FN:20,(anonymous_673)
FN:20,(anonymous_674)
FN:20,(anonymous_675)
FN:20,(anonymous_676)
FN:20,(anonymous_677)
FN:20,(anonymous_678)
FN:20,(anonymous_679)
FN:20,(anonymous_680)
FN:20,(anonymous_681)
FN:20,(anonymous_682)
FN:20,(anonymous_683)
FN:20,r
FN:20,o
FN:20,a
FN:20,i
FN:20,(anonymous_688)
FN:20,h
FN:20,(anonymous_690)
FN:20,t
FN:20,(anonymous_692)
FN:20,(anonymous_693)
FN:20,(anonymous_694)
FN:20,r
FN:20,o
FN:20,a
FN:20,(anonymous_698)
FN:20,t
FN:20,(anonymous_700)
FN:20,(anonymous_701)
FN:20,(anonymous_702)
FN:20,(anonymous_703)
FN:20,r
FN:20,o
FN:20,a
FN:20,(anonymous_707)
FN:20,t
FN:20,(anonymous_709)
FN:20,(anonymous_710)
FN:20,(anonymous_711)
FN:20,(anonymous_712)
FN:20,(anonymous_713)
FN:20,(anonymous_714)
FN:20,(anonymous_715)
FN:20,r
FN:20,o
FN:20,a
FN:20,(anonymous_719)
FN:20,t
FN:20,(anonymous_721)
FN:20,(anonymous_722)
FN:20,(anonymous_723)
FN:20,(anonymous_724)
FN:20,(anonymous_725)
FN:20,(anonymous_726)
FN:20,(anonymous_727)
FN:20,(anonymous_728)
FN:20,(anonymous_729)
FN:20,(anonymous_730)
FN:20,(anonymous_731)
FN:20,(anonymous_732)
FN:20,(anonymous_733)
FN:20,(anonymous_734)
FN:20,(anonymous_735)
FN:20,o
FN:20,a
FN:20,i
FN:20,u
FN:20,s
FN:20,c
FN:20,l
FN:20,(anonymous_743)
FN:20,r
FN:20,o
FN:20,a
FN:20,i
FN:20,(anonymous_748)
FN:20,g
FN:20,b
FN:20,_
FN:20,w
FN:20,E
FN:20,C
FN:20,(anonymous_755)
FN:20,O
FN:20,(anonymous_757)
FN:20,t
FN:20,(anonymous_759)
FN:20,(anonymous_760)
FN:20,(anonymous_761)
FN:20,(anonymous_762)
FN:20,(anonymous_763)
FN:20,(anonymous_764)
FN:20,(anonymous_765)
FN:20,(anonymous_766)
FN:20,(anonymous_767)
FN:20,r
FN:20,o
FN:20,a
FN:20,(anonymous_771)
FN:20,t
FN:20,(anonymous_773)
FN:20,(anonymous_774)
FN:20,(anonymous_775)
FN:20,(anonymous_776)
FN:20,(anonymous_777)
FN:20,r
FN:20,(anonymous_779)
FN:20,f
FN:20,t
FN:20,render
FN:20,(anonymous_783)
FN:20,e
FN:20,(anonymous_785)
FN:20,(anonymous_786)
FN:20,(anonymous_787)
FN:20,(anonymous_788)
FN:20,r
FN:20,o
FN:20,a
FN:20,i
FN:20,u
FN:20,s
FN:20,run
FN:20,c
FN:20,(anonymous_797)
FN:20,(anonymous_798)
FN:20,(anonymous_799)
FN:20,l
FN:20,(anonymous_801)
FN:20,(anonymous_802)
FN:20,(anonymous_803)
FN:20,(anonymous_804)
FN:20,(anonymous_805)
FN:20,(anonymous_806)
FN:20,(anonymous_807)
FN:20,(anonymous_808)
FN:20,(anonymous_809)
FN:20,(anonymous_810)
FN:20,(anonymous_811)
FN:20,(anonymous_812)
FN:20,(anonymous_813)
FN:20,(anonymous_814)
FN:20,(anonymous_815)
FN:20,(anonymous_816)
FN:20,r
FN:20,a
FN:20,s
FN:20,c
FN:20,(anonymous_821)
FN:20,l
FN:20,p
FN:20,f
FN:20,subscribe
FN:20,n
FN:20,(anonymous_827)
FN:20,(anonymous_828)
FN:20,(anonymous_829)
FN:20,(anonymous_830)
FN:20,(anonymous_831)
FN:20,(anonymous_832)
FN:20,(anonymous_833)
FN:20,r
FN:20,(anonymous_835)
FN:20,(anonymous_836)
FN:20,(anonymous_837)
FN:20,(anonymous_838)
FN:20,r
FN:20,(anonymous_840)
FN:20,r
FN:20,o
FN:20,a
FN:20,(anonymous_844)
FN:20,(anonymous_845)
FN:20,(anonymous_846)
FN:20,(anonymous_847)
FN:20,(anonymous_848)
FN:20,r
FN:20,o
FN:20,a
FN:20,i
FN:20,(anonymous_853)
FN:20,e
FN:20,(anonymous_855)
FN:20,(anonymous_856)
FN:20,t
FN:20,value
FN:20,(anonymous_859)
FN:20,r
FN:20,o
FN:20,(anonymous_862)
FN:20,(anonymous_863)
FN:20,(anonymous_864)
FN:20,(anonymous_865)
FN:20,(anonymous_866)
FN:20,(anonymous_867)
FN:20,(anonymous_868)
FN:20,(anonymous_869)
FN:20,(anonymous_870)
FN:20,(anonymous_871)
FN:20,(anonymous_872)
FN:20,(anonymous_873)
FN:20,(anonymous_874)
FN:20,(anonymous_875)
FN:20,(anonymous_876)
FN:20,(anonymous_877)
FN:20,(anonymous_878)
FN:20,(anonymous_879)
FN:20,(anonymous_880)
FN:20,r
FN:20,(anonymous_882)
FN:20,(anonymous_883)
FN:20,r
FN:20,(anonymous_885)
FN:20,r
FN:20,get
FN:20,get
FN:20,get
FN:20,get
FN:20,get
FN:20,get
FN:20,get
FN:20,get
FN:20,get
FN:20,(anonymous_896)
FN:20,r
FN:20,(anonymous_898)
FN:20,(anonymous_899)
FN:20,r
FN:20,(anonymous_901)
FN:20,(anonymous_902)
FN:20,r
FN:20,(anonymous_904)
FN:20,(anonymous_905)
FN:20,r
FN:20,(anonymous_907)
FN:20,r
FN:20,(anonymous_909)
FN:20,r
FN:20,o
FN:20,a
FN:20,i
FN:20,u
FN:20,s
FN:20,c
FN:20,l
FN:20,p
FN:20,f
FN:20,d
FN:20,(anonymous_921)
FN:20,(anonymous_922)
FN:20,(anonymous_923)
FN:20,(anonymous_924)
FN:20,a
FN:20,i
FN:20,u
FN:20,s
FN:20,l
FN:20,(anonymous_930)
FN:20,r
FN:20,o
FN:20,a
FN:20,(anonymous_934)
FN:20,r
FN:20,(anonymous_936)
FN:20,r
FN:20,(anonymous_938)
FN:20,o
FN:20,(anonymous_940)
FN:20,(anonymous_941)
FN:20,(anonymous_942)
FN:20,(anonymous_943)
FN:20,(anonymous_944)
FN:20,n
FN:20,s
FN:20,c
FN:20,l
FN:20,n
FN:20,p
FN:20,t
FN:20,f
FN:20,t
FN:20,d
FN:20,t
FN:20,h
FN:20,t
FN:20,m
FN:20,t
FN:20,v
FN:20,t
FN:20,y
FN:20,t
FN:20,g
FN:20,b
FN:20,_
FN:20,w
FN:20,E
FN:20,C
FN:20,(anonymous_970)
FN:20,(anonymous_971)
FN:20,t
FN:20,(anonymous_973)
FN:20,e
FN:20,(anonymous_975)
FN:20,r
FN:20,(anonymous_977)
FN:20,(anonymous_978)
FN:20,(anonymous_979)
FN:20,r
FN:20,o
FN:20,o
FN:20,c
FN:20,l
FN:20,p
FN:20,f
FN:20,(anonymous_987)
FN:20,d
FN:20,(anonymous_989)
FN:20,h
FN:20,m
FN:20,v
FN:20,(anonymous_993)
FN:20,displayName
FN:20,mixins
FN:20,childContextTypes
FN:20,contextTypes
FN:20,getDefaultProps
FN:20,propTypes
FN:20,statics
FN:20,autobind
FN:20,componentDidMount
FN:20,componentWillUnmount
FN:20,replaceState
FN:20,isMounted
FN:20,C
FN:20,(anonymous_1007)
FN:20,r
FN:20,(anonymous_1009)
FN:20,(anonymous_1010)
FN:20,getNodeFromInstance
FN:20,(anonymous_1012)
FN:20,r
FN:20,(anonymous_1014)
FN:20,(anonymous_1015)
FN:20,(anonymous_1016)
FN:20,r
FN:20,o
FN:20,a
FN:20,i
FN:20,u
FN:20,s
FN:20,c
FN:20,l
FN:20,p
FN:20,(anonymous_1026)
FN:20,extractEvents
FN:20,(anonymous_1028)
FN:20,r
FN:20,destructor
FN:20,getText
FN:20,getData
FN:20,(anonymous_1033)
FN:20,r
FN:20,(anonymous_1035)
FN:20,r
FN:20,(anonymous_1037)
FN:20,r
FN:20,o
FN:20,a
FN:20,i
FN:20,u
FN:20,s
FN:20,c
FN:20,l
FN:20,p
FN:20,f
FN:20,d
FN:20,h
FN:20,m
FN:20,v
FN:20,y
FN:20,g
FN:20,b
FN:20,_
FN:20,extractEvents
FN:20,(anonymous_1057)
FN:20,r
FN:20,o
FN:20,(anonymous_1060)
FN:20,(anonymous_1061)
FN:20,(anonymous_1062)
FN:20,(anonymous_1063)
FN:20,r
FN:20,addComponentAsRefTo
FN:20,removeComponentAsRefFrom
FN:20,(anonymous_1067)
FN:20,(anonymous_1068)
FN:20,extractEvents
FN:20,(anonymous_1070)
FN:20,value
FN:20,(anonymous_1072)
FN:20,(anonymous_1073)
FN:20,dangerouslyReplaceNodeWithMarkup
FN:20,(anonymous_1075)
FN:20,r
FN:20,o
FN:20,(anonymous_1078)
FN:20,r
FN:20,o
FN:20,a
FN:20,(anonymous_1082)
FN:20,r
FN:20,(anonymous_1084)
FN:20,(anonymous_1085)
FN:20,dangerouslyProcessChildrenUpdates
FN:20,(anonymous_1087)
FN:20,r
FN:20,o
FN:20,a
FN:20,i
FN:20,u
FN:20,s
FN:20,c
FN:20,l
FN:20,p
FN:20,f
FN:20,d
FN:20,h
FN:20,m
FN:20,mountComponent
FN:20,_createOpenTagMarkupAndPutListeners
FN:20,_createContentMarkup
FN:20,_createInitialChildren
FN:20,receiveComponent
FN:20,updateComponent
FN:20,_updateDOMProperties
FN:20,_updateDOMChildren
FN:20,getHostNode
FN:20,unmountComponent
FN:20,getPublicInstance
FN:20,(anonymous_1112)
FN:20,focusDOMComponent
FN:20,(anonymous_1114)
FN:20,(anonymous_1115)
FN:20,createMarkupForStyles
FN:20,setValueForStyles
FN:20,(anonymous_1118)
FN:20,r
FN:20,(anonymous_1120)
FN:20,r
FN:20,(anonymous_1122)
FN:20,(anonymous_1123)
FN:20,r
FN:20,(anonymous_1125)
FN:20,r
FN:20,(anonymous_1127)
FN:20,r
FN:20,(anonymous_1129)
FN:20,r
FN:20,(anonymous_1131)
FN:20,(anonymous_1132)
FN:20,r
FN:20,(anonymous_1134)
FN:20,r
FN:20,handleTopLevel
FN:20,(anonymous_1137)
FN:20,r
FN:20,o
FN:20,(anonymous_1140)
FN:20,r
FN:20,o
FN:20,a
FN:20,getHostProps
FN:20,mountWrapper
FN:20,updateWrapper
FN:20,postMountWrapper
FN:20,(anonymous_1148)
FN:20,(anonymous_1149)
FN:20,r
FN:20,(anonymous_1151)
FN:20,mountWrapper
FN:20,postMountWrapper
FN:20,getHostProps
FN:20,(anonymous_1155)
FN:20,r
FN:20,o
FN:20,getHostProps
FN:20,mountWrapper
FN:20,updateWrapper
FN:20,postMountWrapper
FN:20,(anonymous_1162)
FN:20,r
FN:20,o
FN:20,a
FN:20,i
FN:20,u
FN:20,s
FN:20,c
FN:20,_reconcilerInstantiateChildren
FN:20,_reconcilerUpdateChildren
FN:20,mountChildren
FN:20,updateTextContent
FN:20,updateMarkup
FN:20,updateChildren
FN:20,_updateChildren
FN:20,unmountChildren
FN:20,moveChild
FN:20,createChild
FN:20,removeChild
FN:20,_mountChildAtIndex
FN:20,_unmountChild
FN:20,(anonymous_1183)
FN:20,(anonymous_1184)
FN:20,r
FN:20,instantiateChildren
FN:20,updateChildren
FN:20,unmountChildren
FN:20,(anonymous_1189)
FN:20,r
FN:20,o
FN:20,a
FN:20,(anonymous_1193)
FN:20,construct
FN:20,mountComponent
FN:20,_constructComponent
FN:20,_constructComponentWithoutOwner
FN:20,performInitialMountWithErrorHandling
FN:20,performInitialMount
FN:20,getHostNode
FN:20,unmountComponent
FN:20,_maskContext
FN:20,_processContext
FN:20,_processChildContext
FN:20,_checkContextTypes
FN:20,receiveComponent
FN:20,performUpdateIfNecessary
FN:20,updateComponent
FN:20,_processPendingState
FN:20,_performComponentUpdate
FN:20,_updateRenderedComponent
FN:20,_replaceNodeWithMarkup
FN:20,_renderValidatedComponentWithoutOwnerOrContext
FN:20,_renderValidatedComponent
FN:20,attachRef
FN:20,detachRef
FN:20,getName
FN:20,getPublicInstance
FN:20,(anonymous_1219)
FN:20,r
FN:20,(anonymous_1221)
FN:20,(anonymous_1222)
FN:20,r
FN:20,(anonymous_1224)
FN:20,(anonymous_1225)
FN:20,r
FN:20,o
FN:20,(anonymous_1228)
FN:20,r
FN:20,enqueue
FN:20,getTransactionWrappers
FN:20,getReactMountReady
FN:20,getUpdateQueue
FN:20,destructor
FN:20,checkpoint
FN:20,rollback
FN:20,(anonymous_1237)
FN:20,r
FN:20,(anonymous_1239)
FN:20,e
FN:20,(anonymous_1241)
FN:20,(anonymous_1242)
FN:20,(anonymous_1243)
FN:20,(anonymous_1244)
FN:20,(anonymous_1245)
FN:20,(anonymous_1246)
FN:20,i
FN:20,mountComponent
FN:20,receiveComponent
FN:20,getHostNode
FN:20,unmountComponent
FN:20,(anonymous_1252)
FN:20,r
FN:20,o
FN:20,a
FN:20,i
FN:20,u
FN:20,(anonymous_1258)
FN:20,(anonymous_1259)
FN:20,mountComponent
FN:20,receiveComponent
FN:20,getHostNode
FN:20,unmountComponent
FN:20,(anonymous_1264)
FN:20,r
FN:20,close
FN:20,getTransactionWrappers
FN:20,batchedUpdates
FN:20,(anonymous_1269)
FN:20,r
FN:20,o
FN:20,a
FN:20,i
FN:20,destructor
FN:20,setHandleTopLevel
FN:20,setEnabled
FN:20,isEnabled
FN:20,trapBubbledEvent
FN:20,trapCapturedEvent
FN:20,monitorScrollValue
FN:20,dispatchEvent
FN:20,(anonymous_1282)
FN:20,r
FN:20,(anonymous_1284)
FN:20,(anonymous_1285)
FN:20,r
FN:20,initialize
FN:20,close
FN:20,initialize
FN:20,close
FN:20,getTransactionWrappers
FN:20,getReactMountReady
FN:20,getUpdateQueue
FN:20,checkpoint
FN:20,rollback
FN:20,destructor
FN:20,(anonymous_1297)
FN:20,r
FN:20,o
FN:20,a
FN:20,i
FN:20,u
FN:20,(anonymous_1303)
FN:20,r
FN:20,o
FN:20,a
FN:20,(anonymous_1307)
FN:20,r
FN:20,(anonymous_1309)
FN:20,r
FN:20,(anonymous_1311)
FN:20,r
FN:20,(anonymous_1313)
FN:20,(anonymous_1314)
FN:20,(anonymous_1315)
FN:20,r
FN:20,o
FN:20,extractEvents
FN:20,didPutListener
FN:20,(anonymous_1320)
FN:20,r
FN:20,o
FN:20,(anonymous_1323)
FN:20,extractEvents
FN:20,didPutListener
FN:20,willDeleteListener
FN:20,(anonymous_1327)
FN:20,r
FN:20,(anonymous_1329)
FN:20,r
FN:20,clipboardData
FN:20,(anonymous_1332)
FN:20,r
FN:20,(anonymous_1334)
FN:20,r
FN:20,charCode
FN:20,keyCode
FN:20,which
FN:20,(anonymous_1339)
FN:20,r
FN:20,(anonymous_1341)
FN:20,r
FN:20,(anonymous_1343)
FN:20,r
FN:20,(anonymous_1345)
FN:20,r
FN:20,(anonymous_1347)
FN:20,r
FN:20,deltaX
FN:20,deltaY
FN:20,(anonymous_1351)
FN:20,r
FN:20,(anonymous_1353)
FN:20,(anonymous_1354)
FN:20,addChecksumToMarkup
FN:20,canReuseMarkup
FN:20,(anonymous_1357)
FN:20,r
FN:20,(anonymous_1359)
FN:20,(anonymous_1360)
FN:20,r
FN:20,(anonymous_1362)
FN:20,(anonymous_1363)
FN:20,(anonymous_1364)
FN:20,r
FN:20,o
FN:20,a
FN:20,i
FN:20,u
FN:20,s
FN:20,(anonymous_1371)
FN:20,e
FN:20,(anonymous_1373)
FN:20,(anonymous_1374)
FN:20,(anonymous_1375)
FN:20,t
FN:20,value
FN:20,value
FN:20,(anonymous_1379)
FN:20,r
FN:20,o
FN:20,a
FN:20,(anonymous_1383)
FN:20,t
FN:20,(anonymous_1385)
FN:20,(anonymous_1386)
FN:20,(anonymous_1387)
FN:20,(anonymous_1388)
FN:20,e
FN:20,t
FN:20,(anonymous_1391)
FN:20,r
FN:20,o
FN:20,a
FN:20,(anonymous_1395)
FN:20,t
FN:20,(anonymous_1397)
FN:20,(anonymous_1398)
FN:20,(anonymous_1399)
FN:20,r
FN:20,(anonymous_1401)
FN:20,encodePath
FN:20,decodePath
FN:20,m
FN:20,v
FN:20,y
FN:20,g
FN:20,E
FN:20,O
FN:20,T
FN:20,S
FN:20,(anonymous_1412)
FN:20,k
FN:20,A
FN:20,I
FN:20,(anonymous_1416)
FN:20,D
FN:20,(anonymous_1418)
FN:20,L
FN:20,U
FN:20,F
FN:20,H
FN:20,V
FN:20,(anonymous_1424)
FN:20,q
FN:20,(anonymous_1426)
FN:20,(anonymous_1427)
FN:20,(anonymous_1428)
FN:20,r
FN:20,(anonymous_1430)
FN:20,(anonymous_1431)
FN:20,(anonymous_1432)
FN:20,f
FN:20,d
FN:20,v
FN:20,y
FN:20,(anonymous_1437)
FN:20,w
FN:20,(anonymous_1439)
FN:20,E
FN:20,(anonymous_1441)
FN:20,C
FN:20,(anonymous_1443)
FN:20,O
FN:20,P
FN:20,x
FN:20,T
FN:20,S
FN:20,(anonymous_1449)
FN:20,r
FN:20,(anonymous_1451)
FN:20,(anonymous_1452)
FN:20,(anonymous_1453)
FN:20,f
FN:20,children
FN:20,(anonymous_1456)
FN:20,(anonymous_1457)
FN:20,r
FN:20,o
FN:20,a
FN:20,(anonymous_1461)
FN:20,i
FN:20,(anonymous_1463)
FN:20,u
FN:20,(anonymous_1465)
FN:20,s
FN:20,c
FN:20,l
FN:20,p
FN:20,f
FN:20,d
FN:20,h
FN:20,m
FN:20,v
FN:20,(anonymous_1475)
FN:20,(anonymous_1476)
FN:20,(anonymous_1477)
FN:20,(anonymous_1478)
FN:20,(anonymous_1479)
FN:20,(anonymous_1480)
FN:20,(anonymous_1481)
FN:20,(anonymous_1482)
FN:20,(anonymous_1483)
FN:20,(anonymous_1484)
FN:20,(anonymous_1485)
FN:20,(anonymous_1486)
FN:20,(anonymous_1487)
FN:20,(anonymous_1488)
FN:20,(anonymous_1489)
FN:20,r
FN:20,o
FN:20,a
FN:20,i
FN:20,(anonymous_1494)
FN:20,n
FN:20,(anonymous_1496)
FN:20,(anonymous_1497)
FN:20,(anonymous_1498)
FN:20,r
FN:20,o
FN:20,clear
FN:20,notify
FN:20,get
FN:20,subscribe
FN:20,(anonymous_1505)
FN:20,(anonymous_1506)
FN:20,notify
FN:20,(anonymous_1508)
FN:20,e
FN:20,(anonymous_1510)
FN:20,(anonymous_1511)
FN:20,(anonymous_1512)
FN:20,(anonymous_1513)
FN:20,(anonymous_1514)
FN:20,(anonymous_1515)
FN:20,r
FN:20,o
FN:20,(anonymous_1518)
FN:20,a
FN:20,(anonymous_1520)
FN:20,(anonymous_1521)
FN:20,(anonymous_1522)
FN:20,getDisplayName
FN:20,(anonymous_1524)
FN:20,r
FN:20,o
FN:20,(anonymous_1527)
FN:20,r
FN:20,o
FN:20,(anonymous_1530)
FN:20,a
FN:20,(anonymous_1532)
FN:20,(anonymous_1533)
FN:20,r
FN:20,(anonymous_1535)
FN:20,(anonymous_1536)
FN:20,(anonymous_1537)
FN:20,(anonymous_1538)
FN:20,r
FN:20,(anonymous_1540)
FN:20,r
FN:20,(anonymous_1542)
FN:20,(anonymous_1543)
FN:20,r
FN:20,(anonymous_1545)
FN:20,(anonymous_1546)
FN:20,r
FN:20,(anonymous_1548)
FN:20,(anonymous_1549)
FN:20,(anonymous_1550)
FN:20,(anonymous_1551)
FN:20,(anonymous_1552)
FN:20,(anonymous_1553)
FN:20,(anonymous_1554)
FN:20,get
FN:20,get
FN:20,(anonymous_1557)
FN:20,r
FN:20,(anonymous_1559)
FN:20,r
FN:20,o
FN:20,(anonymous_1562)
FN:20,a
FN:20,(anonymous_1564)
FN:20,(anonymous_1565)
FN:20,r
FN:20,(anonymous_1567)
FN:20,o
FN:20,(anonymous_1569)
FN:20,r
FN:20,(anonymous_1571)
FN:20,(anonymous_1572)
FN:20,dispatch
FN:20,(anonymous_1574)
FN:20,(anonymous_1575)
FN:20,(anonymous_1576)
FN:20,r
FN:20,o
FN:20,(anonymous_1579)
FN:20,(anonymous_1580)
FN:20,r
FN:20,o
FN:20,(anonymous_1583)
FN:20,(anonymous_1584)
FN:20,a
FN:20,i
FN:20,(anonymous_1587)
FN:20,(anonymous_1588)
FN:20,(anonymous_1589)
FN:20,r
FN:20,o
FN:20,(anonymous_1592)
FN:20,a
FN:20,a
FN:20,i
FN:20,u
FN:20,s
FN:20,c
FN:20,(anonymous_1599)
FN:20,i
FN:20,(anonymous_1601)
FN:20,(anonymous_1602)
FN:20,(anonymous_1603)
FN:20,r
FN:20,o
FN:20,a
FN:20,i
FN:20,u
FN:20,s
FN:20,(anonymous_1610)
FN:20,e
FN:20,(anonymous_1612)
FN:20,(anonymous_1613)
FN:20,(anonymous_1614)
FN:20,t
FN:20,value
FN:20,value
FN:20,value
FN:20,(anonymous_1619)
FN:20,(anonymous_1620)
FN:20,r
FN:20,o
FN:20,a
FN:20,i
FN:20,u
FN:20,s
FN:20,(anonymous_1627)
FN:20,e
FN:20,(anonymous_1629)
FN:20,(anonymous_1630)
FN:20,(anonymous_1631)
FN:20,t
FN:20,value
FN:20,value
FN:20,(anonymous_1635)
FN:20,r
FN:20,(anonymous_1637)
FN:20,(anonymous_1638)
FN:20,r
FN:20,o
FN:20,a
FN:20,i
FN:20,u
FN:20,s
FN:20,(anonymous_1645)
FN:20,e
FN:20,(anonymous_1647)
FN:20,(anonymous_1648)
FN:20,(anonymous_1649)
FN:20,t
FN:20,value
FN:20,(anonymous_1652)
FN:20,(anonymous_1653)
FN:20,(anonymous_1654)
FN:20,r
FN:20,o
FN:20,a
FN:20,i
FN:20,(anonymous_1659)
FN:20,e
FN:20,(anonymous_1661)
FN:20,(anonymous_1662)
FN:20,(anonymous_1663)
FN:20,t
FN:20,value
FN:20,(anonymous_1666)
FN:20,(anonymous_1667)
FN:20,(anonymous_1668)
FN:20,r
FN:20,o
FN:20,a
FN:20,i
FN:20,u
FN:20,s
FN:20,(anonymous_1675)
FN:20,e
FN:20,(anonymous_1677)
FN:20,(anonymous_1678)
FN:20,(anonymous_1679)
FN:20,t
FN:20,value
FN:20,value
FN:20,(anonymous_1683)
FN:20,r
FN:20,(anonymous_1685)
FN:20,(anonymous_1686)
FN:20,(anonymous_1687)
FN:20,n
FN:20,r
FN:26,(anonymous_1690)
FN:26,(anonymous_1691)
FN:26,r
FN:26,(anonymous_1693)
FN:26,(anonymous_1694)
FN:26,(anonymous_1695)
FN:26,(anonymous_1696)
FN:26,(anonymous_1697)
FN:26,(anonymous_1698)
FN:26,(anonymous_1699)
FN:26,(anonymous_1700)
FN:26,(anonymous_1701)
FN:26,(anonymous_1702)
FN:26,(anonymous_1703)
FN:26,(anonymous_1704)
FN:26,(anonymous_1705)
FN:26,(anonymous_1706)
FN:26,(anonymous_1707)
FN:26,r
FN:26,(anonymous_1709)
FN:26,(anonymous_1710)
FN:26,(anonymous_1711)
FN:26,(anonymous_1712)
FN:26,(anonymous_1713)
FN:26,(anonymous_1714)
FN:26,(anonymous_1715)
FN:26,(anonymous_1716)
FN:26,e
FN:26,(anonymous_1718)
FN:26,(anonymous_1719)
FN:26,(anonymous_1720)
FN:26,(anonymous_1721)
FN:26,r
FN:26,o
FN:26,(anonymous_1724)
FN:26,(anonymous_1725)
FN:26,write
FN:26,read
FN:26,remove
FN:26,(anonymous_1729)
FN:26,write
FN:26,read
FN:26,remove
FN:26,(anonymous_1733)
FN:26,r
FN:26,(anonymous_1735)
FN:26,(anonymous_1736)
FN:26,(anonymous_1737)
FN:26,(anonymous_1738)
FN:26,(anonymous_1739)
FN:26,r
FN:26,(anonymous_1741)
FN:26,(anonymous_1742)
FN:26,(anonymous_1743)
FN:26,(anonymous_1744)
FN:26,(anonymous_1745)
FN:26,(anonymous_1746)
FN:26,(anonymous_1747)
FN:26,(anonymous_1748)
FN:26,(anonymous_1749)
FN:26,(anonymous_1750)
FN:26,(anonymous_1751)
FN:26,(anonymous_1752)
FN:26,r
FN:26,(anonymous_1754)
FN:26,(anonymous_1755)
FN:26,(anonymous_1756)
FN:26,(anonymous_1757)
FN:26,(anonymous_1758)
FN:26,(anonymous_1759)
FN:26,(anonymous_1760)
FN:26,(anonymous_1761)
FN:26,(anonymous_1762)
FN:26,(anonymous_1763)
FN:26,r
FN:26,o
FN:26,a
FN:26,i
FN:26,u
FN:26,s
FN:26,(anonymous_1770)
FN:26,e
FN:26,(anonymous_1772)
FN:26,(anonymous_1773)
FN:26,(anonymous_1774)
FN:26,t
FN:26,value
FN:26,value
FN:26,value
FN:26,(anonymous_1779)
FN:26,(anonymous_1780)
FN:26,r
FN:26,o
FN:26,a
FN:26,i
FN:26,(anonymous_1785)
FN:26,e
FN:26,(anonymous_1787)
FN:26,(anonymous_1788)
FN:26,t
FN:26,value
FN:26,(anonymous_1791)
FN:26,(anonymous_1792)
FN:26,r
FN:26,o
FN:26,a
FN:26,i
FN:26,(anonymous_1797)
FN:26,e
FN:26,(anonymous_1799)
FN:26,(anonymous_1800)
FN:26,t
FN:26,value
FN:26,(anonymous_1803)
FN:26,(anonymous_1804)
FN:26,r
FN:26,o
FN:26,a
FN:26,i
FN:26,(anonymous_1809)
FN:26,e
FN:26,(anonymous_1811)
FN:26,(anonymous_1812)
FN:26,t
FN:26,value
FN:26,(anonymous_1815)
FN:26,(anonymous_1816)
FN:26,r
FN:26,o
FN:26,a
FN:26,i
FN:26,(anonymous_1821)
FN:26,e
FN:26,(anonymous_1823)
FN:26,(anonymous_1824)
FN:26,t
FN:26,value
FN:26,(anonymous_1827)
FN:26,(anonymous_1828)
FN:26,r
FN:26,o
FN:26,a
FN:26,i
FN:26,(anonymous_1833)
FN:26,e
FN:26,(anonymous_1835)
FN:26,(anonymous_1836)
FN:26,t
FN:26,value
FN:26,(anonymous_1839)
FN:26,(anonymous_1840)
FN:26,r
FN:26,o
FN:26,a
FN:26,i
FN:26,(anonymous_1845)
FN:26,e
FN:26,(anonymous_1847)
FN:26,(anonymous_1848)
FN:26,t
FN:26,value
FN:26,(anonymous_1851)
FN:26,(anonymous_1852)
FN:26,r
FN:26,o
FN:26,a
FN:26,i
FN:26,u
FN:26,s
FN:26,(anonymous_1859)
FN:26,e
FN:26,(anonymous_1861)
FN:26,(anonymous_1862)
FN:26,(anonymous_1863)
FN:26,t
FN:26,value
FN:26,value
FN:26,value
FN:26,value
FN:26,(anonymous_1869)
FN:26,r
FN:26,(anonymous_1871)
FN:26,(anonymous_1872)
FN:26,(anonymous_1873)
FN:26,r
FN:26,o
FN:26,a
FN:26,i
FN:26,(anonymous_1878)
FN:26,e
FN:26,(anonymous_1880)
FN:26,(anonymous_1881)
FN:26,t
FN:26,value
FN:26,(anonymous_1884)
FN:26,(anonymous_1885)
FN:26,r
FN:26,o
FN:26,a
FN:26,i
FN:26,u
FN:26,s
FN:26,(anonymous_1892)
FN:26,e
FN:26,(anonymous_1894)
FN:26,(anonymous_1895)
FN:26,(anonymous_1896)
FN:26,t
FN:26,value
FN:26,value
FN:26,value
FN:26,(anonymous_1901)
FN:26,(anonymous_1902)
FN:26,r
FN:26,o
FN:26,a
FN:26,i
FN:26,u
FN:26,s
FN:26,(anonymous_1909)
FN:26,e
FN:26,(anonymous_1911)
FN:26,(anonymous_1912)
FN:26,(anonymous_1913)
FN:26,t
FN:26,value
FN:26,value
FN:26,value
FN:26,value
FN:26,(anonymous_1919)
FN:26,(anonymous_1920)
FN:26,r
FN:26,o
FN:26,a
FN:26,i
FN:26,(anonymous_1925)
FN:26,e
FN:26,(anonymous_1927)
FN:26,(anonymous_1928)
FN:26,t
FN:26,value
FN:26,(anonymous_1931)
FN:26,(anonymous_1932)
FN:26,(anonymous_1933)
FN:26,(anonymous_1934)
FN:26,(anonymous_1935)
FN:26,(anonymous_1936)
FN:26,(anonymous_1937)
FN:26,(anonymous_1938)
FN:26,(anonymous_1939)
FN:26,(anonymous_1940)
FN:26,(anonymous_1941)
FN:26,(anonymous_1942)
FN:26,r
FN:26,(anonymous_1944)
FN:26,r
FN:26,m
FN:26,v
FN:26,y
FN:26,listen
FN:26,(anonymous_1950)
FN:26,(anonymous_1951)
FN:26,unsubscribe
FN:26,(anonymous_1953)
FN:26,i
FN:26,(anonymous_1955)
FN:26,r
FN:26,o
FN:26,(anonymous_1958)
FN:26,(anonymous_1959)
FN:26,(anonymous_1960)
FN:26,(anonymous_1961)
FN:26,r
FN:26,(anonymous_1963)
FN:26,(anonymous_1964)
FN:26,(anonymous_1965)
FN:26,v
FN:26,b
FN:26,_
FN:26,(anonymous_1969)
FN:26,(anonymous_1970)
FN:26,(anonymous_1971)
FN:26,(anonymous_1972)
FN:26,(anonymous_1973)
FN:26,(anonymous_1974)
FN:26,(anonymous_1975)
FN:26,e
FN:26,(anonymous_1977)
FN:26,(anonymous_1978)
FN:26,r
FN:26,(anonymous_1980)
FN:26,(anonymous_1981)
FN:26,(anonymous_1982)
FN:26,r
FN:26,(anonymous_1984)
FN:26,r
FN:26,(anonymous_1986)
FN:26,r
FN:26,(anonymous_1988)
FN:26,(anonymous_1989)
FN:26,r
FN:26,(anonymous_1991)
FN:26,(anonymous_1992)
FN:26,r
FN:26,(anonymous_1994)
FN:26,r
FN:26,(anonymous_1996)
FN:26,r
FNF:1998
FNH:0
FNDA:0,(anonymous_0)
FNDA:0,(anonymous_1)
FNDA:0,(anonymous_2)
FNDA:0,t
FNDA:0,(anonymous_4)
FNDA:0,(anonymous_5)
FNDA:0,(anonymous_6)
FNDA:0,(anonymous_7)
FNDA:0,(anonymous_8)
FNDA:0,(anonymous_9)
FNDA:0,r
FNDA:0,(anonymous_11)
FNDA:0,o
FNDA:0,(anonymous_13)
FNDA:0,(anonymous_14)
FNDA:0,(anonymous_15)
FNDA:0,r
FNDA:0,(anonymous_17)
FNDA:0,r
FNDA:0,(anonymous_19)
FNDA:0,(anonymous_20)
FNDA:0,(anonymous_21)
FNDA:0,(anonymous_22)
FNDA:0,(anonymous_23)
FNDA:0,r
FNDA:0,o
FNDA:0,a
FNDA:0,i
FNDA:0,u
FNDA:0,s
FNDA:0,c
FNDA:0,l
FNDA:0,(anonymous_32)
FNDA:0,r
FNDA:0,(anonymous_34)
FNDA:0,(anonymous_35)
FNDA:0,(anonymous_36)
FNDA:0,(anonymous_37)
FNDA:0,(anonymous_38)
FNDA:0,(anonymous_39)
FNDA:0,(anonymous_40)
FNDA:0,(anonymous_41)
FNDA:0,(anonymous_42)
FNDA:0,r
FNDA:0,(anonymous_44)
FNDA:0,o
FNDA:0,(anonymous_46)
FNDA:0,(anonymous_47)
FNDA:0,(anonymous_48)
FNDA:0,r
FNDA:0,(anonymous_50)
FNDA:0,(anonymous_51)
FNDA:0,r
FNDA:0,o
FNDA:0,a
FNDA:0,i
FNDA:0,u
FNDA:0,s
FNDA:0,c
FNDA:0,l
FNDA:0,p
FNDA:0,f
FNDA:0,d
FNDA:0,h
FNDA:0,m
FNDA:0,v
FNDA:0,y
FNDA:0,g
FNDA:0,b
FNDA:0,_
FNDA:0,e
FNDA:0,w
FNDA:0,(anonymous_72)
FNDA:0,(anonymous_73)
FNDA:0,(anonymous_74)
FNDA:0,(anonymous_75)
FNDA:0,(anonymous_76)
FNDA:0,(anonymous_77)
FNDA:0,(anonymous_78)
FNDA:0,(anonymous_79)
FNDA:0,r
FNDA:0,o
FNDA:0,a
FNDA:0,i
FNDA:0,u
FNDA:0,s
FNDA:0,c
FNDA:0,initialize
FNDA:0,close
FNDA:0,initialize
FNDA:0,close
FNDA:0,getTransactionWrappers
FNDA:0,destructor
FNDA:0,perform
FNDA:0,P
FNDA:0,injectReconcileTransaction
FNDA:0,injectBatchingStrategy
FNDA:0,(anonymous_97)
FNDA:0,(anonymous_98)
FNDA:0,(anonymous_99)
FNDA:0,(anonymous_100)
FNDA:0,(anonymous_101)
FNDA:0,(anonymous_102)
FNDA:0,(anonymous_103)
FNDA:0,(anonymous_104)
FNDA:0,(anonymous_105)
FNDA:0,(anonymous_106)
FNDA:0,(anonymous_107)
FNDA:0,(anonymous_108)
FNDA:0,(anonymous_109)
FNDA:0,(anonymous_110)
FNDA:0,(anonymous_111)
FNDA:0,(anonymous_112)
FNDA:0,r
FNDA:0,timeStamp
FNDA:0,preventDefault
FNDA:0,stopPropagation
FNDA:0,persist
FNDA:0,destructor
FNDA:0,(anonymous_119)
FNDA:0,r
FNDA:0,(anonymous_121)
FNDA:0,(anonymous_122)
FNDA:0,a
FNDA:0,i
FNDA:0,u
FNDA:0,s
FNDA:0,l
FNDA:0,(anonymous_128)
FNDA:0,v
FNDA:0,(anonymous_130)
FNDA:0,r
FNDA:0,o
FNDA:0,l
FNDA:0,(anonymous_134)
FNDA:0,(anonymous_135)
FNDA:0,(anonymous_136)
FNDA:0,(anonymous_137)
FNDA:0,(anonymous_138)
FNDA:0,(anonymous_139)
FNDA:0,r
FNDA:0,injectDOMPropertyConfig
FNDA:0,isCustomAttribute
FNDA:0,(anonymous_143)
FNDA:0,r
FNDA:0,mountComponent
FNDA:0,getHostNode
FNDA:0,unmountComponent
FNDA:0,receiveComponent
FNDA:0,performUpdateIfNecessary
FNDA:0,(anonymous_150)
FNDA:0,r
FNDA:0,o
FNDA:0,a
FNDA:0,i
FNDA:0,u
FNDA:0,s
FNDA:0,c
FNDA:0,(anonymous_158)
FNDA:0,(anonymous_159)
FNDA:0,r
FNDA:0,(anonymous_161)
FNDA:0,r
FNDA:0,o
FNDA:0,a
FNDA:0,i
FNDA:0,u
FNDA:0,s
FNDA:0,c
FNDA:0,l
FNDA:0,p
FNDA:0,f
FNDA:0,(anonymous_172)
FNDA:0,r
FNDA:0,o
FNDA:0,d
FNDA:0,h
FNDA:0,m
FNDA:0,v
FNDA:0,putListener
FNDA:0,getListener
FNDA:0,deleteListener
FNDA:0,deleteAllListeners
FNDA:0,extractEvents
FNDA:0,enqueueEvents
FNDA:0,processEventQueue
FNDA:0,__purge
FNDA:0,__getListenerBank
FNDA:0,(anonymous_188)
FNDA:0,r
FNDA:0,view
FNDA:0,detail
FNDA:0,(anonymous_192)
FNDA:0,remove
FNDA:0,get
FNDA:0,has
FNDA:0,set
FNDA:0,(anonymous_197)
FNDA:0,(anonymous_198)
FNDA:0,(anonymous_199)
FNDA:0,(anonymous_200)
FNDA:0,(anonymous_201)
FNDA:0,(anonymous_202)
FNDA:0,(anonymous_203)
FNDA:0,(anonymous_204)
FNDA:0,(anonymous_205)
FNDA:0,(anonymous_206)
FNDA:0,(anonymous_207)
FNDA:0,(anonymous_208)
FNDA:0,(anonymous_209)
FNDA:0,(anonymous_210)
FNDA:0,(anonymous_211)
FNDA:0,(anonymous_212)
FNDA:0,r
FNDA:0,o
FNDA:0,a
FNDA:0,i
FNDA:0,u
FNDA:0,s
FNDA:0,c
FNDA:0,(anonymous_220)
FNDA:0,(anonymous_221)
FNDA:0,reinitializeTransaction
FNDA:0,isInTransaction
FNDA:0,perform
FNDA:0,initializeAll
FNDA:0,closeAll
FNDA:0,(anonymous_227)
FNDA:0,r
FNDA:0,button
FNDA:0,relatedTarget
FNDA:0,pageX
FNDA:0,pageY
FNDA:0,(anonymous_233)
FNDA:0,(anonymous_234)
FNDA:0,c
FNDA:0,(anonymous_236)
FNDA:0,r
FNDA:0,o
FNDA:0,(anonymous_239)
FNDA:0,r
FNDA:0,injectReactEventListener
FNDA:0,setEnabled
FNDA:0,isEnabled
FNDA:0,listenTo
FNDA:0,trapBubbledEvent
FNDA:0,trapCapturedEvent
FNDA:0,supportsEventPageXY
FNDA:0,ensureScrollValueMonitoring
FNDA:0,(anonymous_249)
FNDA:0,r
FNDA:0,o
FNDA:0,a
FNDA:0,(anonymous_253)
FNDA:0,(anonymous_254)
FNDA:0,t
FNDA:0,(anonymous_256)
FNDA:0,(anonymous_257)
FNDA:0,(anonymous_258)
FNDA:0,(anonymous_259)
FNDA:0,(anonymous_260)
FNDA:0,(anonymous_261)
FNDA:0,(anonymous_262)
FNDA:0,(anonymous_263)
FNDA:0,u
FNDA:0,s
FNDA:0,(anonymous_266)
FNDA:0,(anonymous_267)
FNDA:0,(anonymous_268)
FNDA:0,(anonymous_269)
FNDA:0,(anonymous_270)
FNDA:0,u
FNDA:0,s
FNDA:0,(anonymous_273)
FNDA:0,r
FNDA:0,(anonymous_275)
FNDA:0,r
FNDA:0,o
FNDA:0,a
FNDA:0,i
FNDA:0,(anonymous_280)
FNDA:0,e
FNDA:0,(anonymous_282)
FNDA:0,(anonymous_283)
FNDA:0,t
FNDA:0,value
FNDA:0,value
FNDA:0,(anonymous_287)
FNDA:0,r
FNDA:0,o
FNDA:0,a
FNDA:0,injectEventPluginOrder
FNDA:0,injectEventPluginsByName
FNDA:0,getPluginModuleForEvent
FNDA:0,_resetEventPlugins
FNDA:0,(anonymous_295)
FNDA:0,r
FNDA:0,o
FNDA:0,a
FNDA:0,i
FNDA:0,u
FNDA:0,s
FNDA:0,c
FNDA:0,l
FNDA:0,p
FNDA:0,injectComponentTree
FNDA:0,injectTreeTraversal
FNDA:0,getInstanceFromNode
FNDA:0,getNodeFromInstance
FNDA:0,isAncestor
FNDA:0,getLowestCommonAncestor
FNDA:0,getParentInstance
FNDA:0,traverseTwoPhase
FNDA:0,traverseEnterLeave
FNDA:0,(anonymous_314)
FNDA:0,r
FNDA:0,rethrowCaughtError
FNDA:0,(anonymous_317)
FNDA:0,r
FNDA:0,(anonymous_319)
FNDA:0,r
FNDA:0,(anonymous_321)
FNDA:0,r
FNDA:0,o
FNDA:0,(anonymous_324)
FNDA:0,r
FNDA:0,o
FNDA:0,a
FNDA:0,i
FNDA:0,u
FNDA:0,s
FNDA:0,c
FNDA:0,(anonymous_332)
FNDA:0,processUpdates
FNDA:0,(anonymous_334)
FNDA:0,(anonymous_335)
FNDA:0,r
FNDA:0,(anonymous_337)
FNDA:0,(anonymous_338)
FNDA:0,(anonymous_339)
FNDA:0,r
FNDA:0,o
FNDA:0,a
FNDA:0,i
FNDA:0,value
FNDA:0,checked
FNDA:0,checkPropTypes
FNDA:0,getValue
FNDA:0,getChecked
FNDA:0,executeOnChange
FNDA:0,(anonymous_350)
FNDA:0,injectEnvironment
FNDA:0,(anonymous_352)
FNDA:0,n
FNDA:0,r
FNDA:0,o
FNDA:0,a
FNDA:0,i
FNDA:0,u
FNDA:0,s
FNDA:0,c
FNDA:0,(anonymous_361)
FNDA:0,(anonymous_362)
FNDA:0,(anonymous_363)
FNDA:0,(anonymous_364)
FNDA:0,(anonymous_365)
FNDA:0,(anonymous_366)
FNDA:0,(anonymous_367)
FNDA:0,(anonymous_368)
FNDA:0,(anonymous_369)
FNDA:0,r
FNDA:0,o
FNDA:0,(anonymous_372)
FNDA:0,r
FNDA:0,(anonymous_374)
FNDA:0,r
FNDA:0,(anonymous_376)
FNDA:0,o
FNDA:0,(anonymous_378)
FNDA:0,(anonymous_379)
FNDA:0,r
FNDA:0,o
FNDA:0,a
FNDA:0,isMounted
FNDA:0,enqueueCallback
FNDA:0,enqueueCallbackInternal
FNDA:0,enqueueForceUpdate
FNDA:0,enqueueReplaceState
FNDA:0,enqueueSetState
FNDA:0,enqueueElementInternal
FNDA:0,validateCallback
FNDA:0,(anonymous_391)
FNDA:0,(anonymous_392)
FNDA:0,r
FNDA:0,(anonymous_394)
FNDA:0,r
FNDA:0,(anonymous_396)
FNDA:0,(anonymous_397)
FNDA:0,(anonymous_398)
FNDA:0,(anonymous_399)
FNDA:0,(anonymous_400)
FNDA:0,a
FNDA:0,t
FNDA:0,(anonymous_403)
FNDA:0,n
FNDA:0,appendListener
FNDA:0,n
FNDA:0,(anonymous_407)
FNDA:0,(anonymous_408)
FNDA:0,notifyListeners
FNDA:0,(anonymous_410)
FNDA:0,(anonymous_411)
FNDA:0,(anonymous_412)
FNDA:0,r
FNDA:0,o
FNDA:0,a
FNDA:0,(anonymous_416)
FNDA:0,v
FNDA:0,(anonymous_418)
FNDA:0,t
FNDA:0,(anonymous_420)
FNDA:0,(anonymous_421)
FNDA:0,(anonymous_422)
FNDA:0,(anonymous_423)
FNDA:0,(anonymous_424)
FNDA:0,(anonymous_425)
FNDA:0,a
FNDA:0,t
FNDA:0,(anonymous_428)
FNDA:0,n
FNDA:0,appendListener
FNDA:0,n
FNDA:0,(anonymous_432)
FNDA:0,(anonymous_433)
FNDA:0,notifyListeners
FNDA:0,(anonymous_435)
FNDA:0,(anonymous_436)
FNDA:0,r
FNDA:0,(anonymous_438)
FNDA:0,r
FNDA:0,(anonymous_440)
FNDA:0,(anonymous_441)
FNDA:0,(anonymous_442)
FNDA:0,r
FNDA:0,(anonymous_444)
FNDA:0,(anonymous_445)
FNDA:0,(anonymous_446)
FNDA:0,validateStatus
FNDA:0,(anonymous_448)
FNDA:0,(anonymous_449)
FNDA:0,(anonymous_450)
FNDA:0,r
FNDA:0,o
FNDA:0,a
FNDA:0,(anonymous_454)
FNDA:0,(anonymous_455)
FNDA:0,(anonymous_456)
FNDA:0,isMounted
FNDA:0,enqueueCallback
FNDA:0,enqueueForceUpdate
FNDA:0,enqueueReplaceState
FNDA:0,enqueueSetState
FNDA:0,(anonymous_462)
FNDA:0,(anonymous_463)
FNDA:0,(anonymous_464)
FNDA:0,(anonymous_465)
FNDA:0,(anonymous_466)
FNDA:0,(anonymous_467)
FNDA:0,(anonymous_468)
FNDA:0,r
FNDA:0,(anonymous_470)
FNDA:0,r
FNDA:0,(anonymous_472)
FNDA:0,r
FNDA:0,(anonymous_474)
FNDA:0,r
FNDA:0,(anonymous_476)
FNDA:0,e
FNDA:0,(anonymous_478)
FNDA:0,(anonymous_479)
FNDA:0,(anonymous_480)
FNDA:0,(anonymous_481)
FNDA:0,(anonymous_482)
FNDA:0,(anonymous_483)
FNDA:0,(anonymous_484)
FNDA:0,(anonymous_485)
FNDA:0,r
FNDA:0,o
FNDA:0,a
FNDA:0,i
FNDA:0,u
FNDA:0,_getTrackerFromNode
FNDA:0,track
FNDA:0,get
FNDA:0,set
FNDA:0,getValue
FNDA:0,setValue
FNDA:0,stopTracking
FNDA:0,updateValueIfChanged
FNDA:0,stopTracking
FNDA:0,(anonymous_500)
FNDA:0,r
FNDA:0,(anonymous_502)
FNDA:0,refreshScrollValues
FNDA:0,(anonymous_504)
FNDA:0,i
FNDA:0,i
FNDA:0,(anonymous_507)
FNDA:0,r
FNDA:0,(anonymous_509)
FNDA:0,r
FNDA:0,(anonymous_511)
FNDA:0,(anonymous_512)
FNDA:0,(anonymous_513)
FNDA:0,r
FNDA:0,o
FNDA:0,createMarkupForID
FNDA:0,setAttributeForID
FNDA:0,createMarkupForRoot
FNDA:0,setAttributeForRoot
FNDA:0,createMarkupForProperty
FNDA:0,createMarkupForCustomAttribute
FNDA:0,setValueForProperty
FNDA:0,setValueForAttribute
FNDA:0,deleteValueForAttribute
FNDA:0,deleteValueForProperty
FNDA:0,(anonymous_526)
FNDA:0,r
FNDA:0,o
FNDA:0,a
FNDA:0,getHostProps
FNDA:0,mountWrapper
FNDA:0,getSelectValueContext
FNDA:0,postUpdateWrapper
FNDA:0,(anonymous_534)
FNDA:0,r
FNDA:0,o
FNDA:0,a
FNDA:0,(anonymous_538)
FNDA:0,(anonymous_539)
FNDA:0,getType
FNDA:0,(anonymous_541)
FNDA:0,injectEmptyComponentFactory
FNDA:0,create
FNDA:0,(anonymous_544)
FNDA:0,r
FNDA:0,o
FNDA:0,a
FNDA:0,injectGenericComponentClass
FNDA:0,injectTextComponentClass
FNDA:0,(anonymous_550)
FNDA:0,r
FNDA:0,o
FNDA:0,a
FNDA:0,(anonymous_554)
FNDA:0,r
FNDA:0,o
FNDA:0,a
FNDA:0,i
FNDA:0,u
FNDA:0,s
FNDA:0,c
FNDA:0,l
FNDA:0,p
FNDA:0,f
FNDA:0,d
FNDA:0,h
FNDA:0,E
FNDA:0,C
FNDA:0,s
FNDA:0,c
FNDA:0,l
FNDA:0,p
FNDA:0,f
FNDA:0,d
FNDA:0,h
FNDA:0,onSetChildren
FNDA:0,onBeforeMountComponent
FNDA:0,onBeforeUpdateComponent
FNDA:0,onMountComponent
FNDA:0,onUpdateComponent
FNDA:0,onUnmountComponent
FNDA:0,purgeUnmountedComponents
FNDA:0,isMounted
FNDA:0,getCurrentStackAddendum
FNDA:0,getStackAddendumByID
FNDA:0,getChildIDs
FNDA:0,getDisplayName
FNDA:0,getElement
FNDA:0,getOwnerID
FNDA:0,getParentID
FNDA:0,getSource
FNDA:0,getText
FNDA:0,getUpdateCount
FNDA:0,pushNonStandardWarningStack
FNDA:0,popNonStandardWarningStack
FNDA:0,(anonymous_596)
FNDA:0,listen
FNDA:0,remove
FNDA:0,remove
FNDA:0,capture
FNDA:0,remove
FNDA:0,registerDefault
FNDA:0,(anonymous_603)
FNDA:0,r
FNDA:0,hasSelectionCapabilities
FNDA:0,getSelectionInformation
FNDA:0,restoreSelection
FNDA:0,getSelection
FNDA:0,setSelection
FNDA:0,(anonymous_610)
FNDA:0,r
FNDA:0,(anonymous_612)
FNDA:0,r
FNDA:0,o
FNDA:0,a
FNDA:0,i
FNDA:0,u
FNDA:0,s
FNDA:0,c
FNDA:0,l
FNDA:0,p
FNDA:0,f
FNDA:0,U
FNDA:0,(anonymous_624)
FNDA:0,scrollMonitor
FNDA:0,_updateRootComponent
FNDA:0,(anonymous_627)
FNDA:0,_renderNewRootComponent
FNDA:0,renderSubtreeIntoContainer
FNDA:0,_renderSubtreeIntoContainer
FNDA:0,(anonymous_631)
FNDA:0,render
FNDA:0,unmountComponentAtNode
FNDA:0,_mountImageIntoNode
FNDA:0,(anonymous_635)
FNDA:0,r
FNDA:0,(anonymous_637)
FNDA:0,r
FNDA:0,(anonymous_639)
FNDA:0,(anonymous_640)
FNDA:0,(anonymous_641)
FNDA:0,m
FNDA:0,v
FNDA:0,_
FNDA:0,w
FNDA:0,C
FNDA:0,O
FNDA:0,P
FNDA:0,T
FNDA:0,(anonymous_650)
FNDA:0,S
FNDA:0,R
FNDA:0,M
FNDA:0,(anonymous_654)
FNDA:0,j
FNDA:0,(anonymous_656)
FNDA:0,A
FNDA:0,I
FNDA:0,D
FNDA:0,U
FNDA:0,B
FNDA:0,(anonymous_662)
FNDA:0,H
FNDA:0,(anonymous_664)
FNDA:0,(anonymous_665)
FNDA:0,r
FNDA:0,o
FNDA:0,a
FNDA:0,(anonymous_669)
FNDA:0,r
FNDA:0,(anonymous_671)
FNDA:0,(anonymous_672)
FNDA:0,(anonymous_673)
FNDA:0,(anonymous_674)
FNDA:0,(anonymous_675)
FNDA:0,(anonymous_676)
FNDA:0,(anonymous_677)
FNDA:0,(anonymous_678)
FNDA:0,(anonymous_679)
FNDA:0,(anonymous_680)
FNDA:0,(anonymous_681)
FNDA:0,(anonymous_682)
FNDA:0,(anonymous_683)
FNDA:0,r
FNDA:0,o
FNDA:0,a
FNDA:0,i
FNDA:0,(anonymous_688)
FNDA:0,h
FNDA:0,(anonymous_690)
FNDA:0,t
FNDA:0,(anonymous_692)
FNDA:0,(anonymous_693)
FNDA:0,(anonymous_694)
FNDA:0,r
FNDA:0,o
FNDA:0,a
FNDA:0,(anonymous_698)
FNDA:0,t
FNDA:0,(anonymous_700)
FNDA:0,(anonymous_701)
FNDA:0,(anonymous_702)
FNDA:0,(anonymous_703)
FNDA:0,r
FNDA:0,o
FNDA:0,a
FNDA:0,(anonymous_707)
FNDA:0,t
FNDA:0,(anonymous_709)
FNDA:0,(anonymous_710)
FNDA:0,(anonymous_711)
FNDA:0,(anonymous_712)
FNDA:0,(anonymous_713)
FNDA:0,(anonymous_714)
FNDA:0,(anonymous_715)
FNDA:0,r
FNDA:0,o
FNDA:0,a
FNDA:0,(anonymous_719)
FNDA:0,t
FNDA:0,(anonymous_721)
FNDA:0,(anonymous_722)
FNDA:0,(anonymous_723)
FNDA:0,(anonymous_724)
FNDA:0,(anonymous_725)
FNDA:0,(anonymous_726)
FNDA:0,(anonymous_727)
FNDA:0,(anonymous_728)
FNDA:0,(anonymous_729)
FNDA:0,(anonymous_730)
FNDA:0,(anonymous_731)
FNDA:0,(anonymous_732)
FNDA:0,(anonymous_733)
FNDA:0,(anonymous_734)
FNDA:0,(anonymous_735)
FNDA:0,o
FNDA:0,a
FNDA:0,i
FNDA:0,u
FNDA:0,s
FNDA:0,c
FNDA:0,l
FNDA:0,(anonymous_743)
FNDA:0,r
FNDA:0,o
FNDA:0,a
FNDA:0,i
FNDA:0,(anonymous_748)
FNDA:0,g
FNDA:0,b
FNDA:0,_
FNDA:0,w
FNDA:0,E
FNDA:0,C
FNDA:0,(anonymous_755)
FNDA:0,O
FNDA:0,(anonymous_757)
FNDA:0,t
FNDA:0,(anonymous_759)
FNDA:0,(anonymous_760)
FNDA:0,(anonymous_761)
FNDA:0,(anonymous_762)
FNDA:0,(anonymous_763)
FNDA:0,(anonymous_764)
FNDA:0,(anonymous_765)
FNDA:0,(anonymous_766)
FNDA:0,(anonymous_767)
FNDA:0,r
FNDA:0,o
FNDA:0,a
FNDA:0,(anonymous_771)
FNDA:0,t
FNDA:0,(anonymous_773)
FNDA:0,(anonymous_774)
FNDA:0,(anonymous_775)
FNDA:0,(anonymous_776)
FNDA:0,(anonymous_777)
FNDA:0,r
FNDA:0,(anonymous_779)
FNDA:0,f
FNDA:0,t
FNDA:0,render
FNDA:0,(anonymous_783)
FNDA:0,e
FNDA:0,(anonymous_785)
FNDA:0,(anonymous_786)
FNDA:0,(anonymous_787)
FNDA:0,(anonymous_788)
FNDA:0,r
FNDA:0,o
FNDA:0,a
FNDA:0,i
FNDA:0,u
FNDA:0,s
FNDA:0,run
FNDA:0,c
FNDA:0,(anonymous_797)
FNDA:0,(anonymous_798)
FNDA:0,(anonymous_799)
FNDA:0,l
FNDA:0,(anonymous_801)
FNDA:0,(anonymous_802)
FNDA:0,(anonymous_803)
FNDA:0,(anonymous_804)
FNDA:0,(anonymous_805)
FNDA:0,(anonymous_806)
FNDA:0,(anonymous_807)
FNDA:0,(anonymous_808)
FNDA:0,(anonymous_809)
FNDA:0,(anonymous_810)
FNDA:0,(anonymous_811)
FNDA:0,(anonymous_812)
FNDA:0,(anonymous_813)
FNDA:0,(anonymous_814)
FNDA:0,(anonymous_815)
FNDA:0,(anonymous_816)
FNDA:0,r
FNDA:0,a
FNDA:0,s
FNDA:0,c
FNDA:0,(anonymous_821)
FNDA:0,l
FNDA:0,p
FNDA:0,f
FNDA:0,subscribe
FNDA:0,n
FNDA:0,(anonymous_827)
FNDA:0,(anonymous_828)
FNDA:0,(anonymous_829)
FNDA:0,(anonymous_830)
FNDA:0,(anonymous_831)
FNDA:0,(anonymous_832)
FNDA:0,(anonymous_833)
FNDA:0,r
FNDA:0,(anonymous_835)
FNDA:0,(anonymous_836)
FNDA:0,(anonymous_837)
FNDA:0,(anonymous_838)
FNDA:0,r
FNDA:0,(anonymous_840)
FNDA:0,r
FNDA:0,o
FNDA:0,a
FNDA:0,(anonymous_844)
FNDA:0,(anonymous_845)
FNDA:0,(anonymous_846)
FNDA:0,(anonymous_847)
FNDA:0,(anonymous_848)
FNDA:0,r
FNDA:0,o
FNDA:0,a
FNDA:0,i
FNDA:0,(anonymous_853)
FNDA:0,e
FNDA:0,(anonymous_855)
FNDA:0,(anonymous_856)
FNDA:0,t
FNDA:0,value
FNDA:0,(anonymous_859)
FNDA:0,r
FNDA:0,o
FNDA:0,(anonymous_862)
FNDA:0,(anonymous_863)
FNDA:0,(anonymous_864)
FNDA:0,(anonymous_865)
FNDA:0,(anonymous_866)
FNDA:0,(anonymous_867)
FNDA:0,(anonymous_868)
FNDA:0,(anonymous_869)
FNDA:0,(anonymous_870)
FNDA:0,(anonymous_871)
FNDA:0,(anonymous_872)
FNDA:0,(anonymous_873)
FNDA:0,(anonymous_874)
FNDA:0,(anonymous_875)
FNDA:0,(anonymous_876)
FNDA:0,(anonymous_877)
FNDA:0,(anonymous_878)
FNDA:0,(anonymous_879)
FNDA:0,(anonymous_880)
FNDA:0,r
FNDA:0,(anonymous_882)
FNDA:0,(anonymous_883)
FNDA:0,r
FNDA:0,(anonymous_885)
FNDA:0,r
FNDA:0,get
FNDA:0,get
FNDA:0,get
FNDA:0,get
FNDA:0,get
FNDA:0,get
FNDA:0,get
FNDA:0,get
FNDA:0,get
FNDA:0,(anonymous_896)
FNDA:0,r
FNDA:0,(anonymous_898)
FNDA:0,(anonymous_899)
FNDA:0,r
FNDA:0,(anonymous_901)
FNDA:0,(anonymous_902)
FNDA:0,r
FNDA:0,(anonymous_904)
FNDA:0,(anonymous_905)
FNDA:0,r
FNDA:0,(anonymous_907)
FNDA:0,r
FNDA:0,(anonymous_909)
FNDA:0,r
FNDA:0,o
FNDA:0,a
FNDA:0,i
FNDA:0,u
FNDA:0,s
FNDA:0,c
FNDA:0,l
FNDA:0,p
FNDA:0,f
FNDA:0,d
FNDA:0,(anonymous_921)
FNDA:0,(anonymous_922)
FNDA:0,(anonymous_923)
FNDA:0,(anonymous_924)
FNDA:0,a
FNDA:0,i
FNDA:0,u
FNDA:0,s
FNDA:0,l
FNDA:0,(anonymous_930)
FNDA:0,r
FNDA:0,o
FNDA:0,a
FNDA:0,(anonymous_934)
FNDA:0,r
FNDA:0,(anonymous_936)
FNDA:0,r
FNDA:0,(anonymous_938)
FNDA:0,o
FNDA:0,(anonymous_940)
FNDA:0,(anonymous_941)
FNDA:0,(anonymous_942)
FNDA:0,(anonymous_943)
FNDA:0,(anonymous_944)
FNDA:0,n
FNDA:0,s
FNDA:0,c
FNDA:0,l
FNDA:0,n
FNDA:0,p
FNDA:0,t
FNDA:0,f
FNDA:0,t
FNDA:0,d
FNDA:0,t
FNDA:0,h
FNDA:0,t
FNDA:0,m
FNDA:0,t
FNDA:0,v
FNDA:0,t
FNDA:0,y
FNDA:0,t
FNDA:0,g
FNDA:0,b
FNDA:0,_
FNDA:0,w
FNDA:0,E
FNDA:0,C
FNDA:0,(anonymous_970)
FNDA:0,(anonymous_971)
FNDA:0,t
FNDA:0,(anonymous_973)
FNDA:0,e
FNDA:0,(anonymous_975)
FNDA:0,r
FNDA:0,(anonymous_977)
FNDA:0,(anonymous_978)
FNDA:0,(anonymous_979)
FNDA:0,r
FNDA:0,o
FNDA:0,o
FNDA:0,c
FNDA:0,l
FNDA:0,p
FNDA:0,f
FNDA:0,(anonymous_987)
FNDA:0,d
FNDA:0,(anonymous_989)
FNDA:0,h
FNDA:0,m
FNDA:0,v
FNDA:0,(anonymous_993)
FNDA:0,displayName
FNDA:0,mixins
FNDA:0,childContextTypes
FNDA:0,contextTypes
FNDA:0,getDefaultProps
FNDA:0,propTypes
FNDA:0,statics
FNDA:0,autobind
FNDA:0,componentDidMount
FNDA:0,componentWillUnmount
FNDA:0,replaceState
FNDA:0,isMounted
FNDA:0,C
FNDA:0,(anonymous_1007)
FNDA:0,r
FNDA:0,(anonymous_1009)
FNDA:0,(anonymous_1010)
FNDA:0,getNodeFromInstance
FNDA:0,(anonymous_1012)
FNDA:0,r
FNDA:0,(anonymous_1014)
FNDA:0,(anonymous_1015)
FNDA:0,(anonymous_1016)
FNDA:0,r
FNDA:0,o
FNDA:0,a
FNDA:0,i
FNDA:0,u
FNDA:0,s
FNDA:0,c
FNDA:0,l
FNDA:0,p
FNDA:0,(anonymous_1026)
FNDA:0,extractEvents
FNDA:0,(anonymous_1028)
FNDA:0,r
FNDA:0,destructor
FNDA:0,getText
FNDA:0,getData
FNDA:0,(anonymous_1033)
FNDA:0,r
FNDA:0,(anonymous_1035)
FNDA:0,r
FNDA:0,(anonymous_1037)
FNDA:0,r
FNDA:0,o
FNDA:0,a
FNDA:0,i
FNDA:0,u
FNDA:0,s
FNDA:0,c
FNDA:0,l
FNDA:0,p
FNDA:0,f
FNDA:0,d
FNDA:0,h
FNDA:0,m
FNDA:0,v
FNDA:0,y
FNDA:0,g
FNDA:0,b
FNDA:0,_
FNDA:0,extractEvents
FNDA:0,(anonymous_1057)
FNDA:0,r
FNDA:0,o
FNDA:0,(anonymous_1060)
FNDA:0,(anonymous_1061)
FNDA:0,(anonymous_1062)
FNDA:0,(anonymous_1063)
FNDA:0,r
FNDA:0,addComponentAsRefTo
FNDA:0,removeComponentAsRefFrom
FNDA:0,(anonymous_1067)
FNDA:0,(anonymous_1068)
FNDA:0,extractEvents
FNDA:0,(anonymous_1070)
FNDA:0,value
FNDA:0,(anonymous_1072)
FNDA:0,(anonymous_1073)
FNDA:0,dangerouslyReplaceNodeWithMarkup
FNDA:0,(anonymous_1075)
FNDA:0,r
FNDA:0,o
FNDA:0,(anonymous_1078)
FNDA:0,r
FNDA:0,o
FNDA:0,a
FNDA:0,(anonymous_1082)
FNDA:0,r
FNDA:0,(anonymous_1084)
FNDA:0,(anonymous_1085)
FNDA:0,dangerouslyProcessChildrenUpdates
FNDA:0,(anonymous_1087)
FNDA:0,r
FNDA:0,o
FNDA:0,a
FNDA:0,i
FNDA:0,u
FNDA:0,s
FNDA:0,c
FNDA:0,l
FNDA:0,p
FNDA:0,f
FNDA:0,d
FNDA:0,h
FNDA:0,m
FNDA:0,mountComponent
FNDA:0,_createOpenTagMarkupAndPutListeners
FNDA:0,_createContentMarkup
FNDA:0,_createInitialChildren
FNDA:0,receiveComponent
FNDA:0,updateComponent
FNDA:0,_updateDOMProperties
FNDA:0,_updateDOMChildren
FNDA:0,getHostNode
FNDA:0,unmountComponent
FNDA:0,getPublicInstance
FNDA:0,(anonymous_1112)
FNDA:0,focusDOMComponent
FNDA:0,(anonymous_1114)
FNDA:0,(anonymous_1115)
FNDA:0,createMarkupForStyles
FNDA:0,setValueForStyles
FNDA:0,(anonymous_1118)
FNDA:0,r
FNDA:0,(anonymous_1120)
FNDA:0,r
FNDA:0,(anonymous_1122)
FNDA:0,(anonymous_1123)
FNDA:0,r
FNDA:0,(anonymous_1125)
FNDA:0,r
FNDA:0,(anonymous_1127)
FNDA:0,r
FNDA:0,(anonymous_1129)
FNDA:0,r
FNDA:0,(anonymous_1131)
FNDA:0,(anonymous_1132)
FNDA:0,r
FNDA:0,(anonymous_1134)
FNDA:0,r
FNDA:0,handleTopLevel
FNDA:0,(anonymous_1137)
FNDA:0,r
FNDA:0,o
FNDA:0,(anonymous_1140)
FNDA:0,r
FNDA:0,o
FNDA:0,a
FNDA:0,getHostProps
FNDA:0,mountWrapper
FNDA:0,updateWrapper
FNDA:0,postMountWrapper
FNDA:0,(anonymous_1148)
FNDA:0,(anonymous_1149)
FNDA:0,r
FNDA:0,(anonymous_1151)
FNDA:0,mountWrapper
FNDA:0,postMountWrapper
FNDA:0,getHostProps
FNDA:0,(anonymous_1155)
FNDA:0,r
FNDA:0,o
FNDA:0,getHostProps
FNDA:0,mountWrapper
FNDA:0,updateWrapper
FNDA:0,postMountWrapper
FNDA:0,(anonymous_1162)
FNDA:0,r
FNDA:0,o
FNDA:0,a
FNDA:0,i
FNDA:0,u
FNDA:0,s
FNDA:0,c
FNDA:0,_reconcilerInstantiateChildren
FNDA:0,_reconcilerUpdateChildren
FNDA:0,mountChildren
FNDA:0,updateTextContent
FNDA:0,updateMarkup
FNDA:0,updateChildren
FNDA:0,_updateChildren
FNDA:0,unmountChildren
FNDA:0,moveChild
FNDA:0,createChild
FNDA:0,removeChild
FNDA:0,_mountChildAtIndex
FNDA:0,_unmountChild
FNDA:0,(anonymous_1183)
FNDA:0,(anonymous_1184)
FNDA:0,r
FNDA:0,instantiateChildren
FNDA:0,updateChildren
FNDA:0,unmountChildren
FNDA:0,(anonymous_1189)
FNDA:0,r
FNDA:0,o
FNDA:0,a
FNDA:0,(anonymous_1193)
FNDA:0,construct
FNDA:0,mountComponent
FNDA:0,_constructComponent
FNDA:0,_constructComponentWithoutOwner
FNDA:0,performInitialMountWithErrorHandling
FNDA:0,performInitialMount
FNDA:0,getHostNode
FNDA:0,unmountComponent
FNDA:0,_maskContext
FNDA:0,_processContext
FNDA:0,_processChildContext
FNDA:0,_checkContextTypes
FNDA:0,receiveComponent
FNDA:0,performUpdateIfNecessary
FNDA:0,updateComponent
FNDA:0,_processPendingState
FNDA:0,_performComponentUpdate
FNDA:0,_updateRenderedComponent
FNDA:0,_replaceNodeWithMarkup
FNDA:0,_renderValidatedComponentWithoutOwnerOrContext
FNDA:0,_renderValidatedComponent
FNDA:0,attachRef
FNDA:0,detachRef
FNDA:0,getName
FNDA:0,getPublicInstance
FNDA:0,(anonymous_1219)
FNDA:0,r
FNDA:0,(anonymous_1221)
FNDA:0,(anonymous_1222)
FNDA:0,r
FNDA:0,(anonymous_1224)
FNDA:0,(anonymous_1225)
FNDA:0,r
FNDA:0,o
FNDA:0,(anonymous_1228)
FNDA:0,r
FNDA:0,enqueue
FNDA:0,getTransactionWrappers
FNDA:0,getReactMountReady
FNDA:0,getUpdateQueue
FNDA:0,destructor
FNDA:0,checkpoint
FNDA:0,rollback
FNDA:0,(anonymous_1237)
FNDA:0,r
FNDA:0,(anonymous_1239)
FNDA:0,e
FNDA:0,(anonymous_1241)
FNDA:0,(anonymous_1242)
FNDA:0,(anonymous_1243)
FNDA:0,(anonymous_1244)
FNDA:0,(anonymous_1245)
FNDA:0,(anonymous_1246)
FNDA:0,i
FNDA:0,mountComponent
FNDA:0,receiveComponent
FNDA:0,getHostNode
FNDA:0,unmountComponent
FNDA:0,(anonymous_1252)
FNDA:0,r
FNDA:0,o
FNDA:0,a
FNDA:0,i
FNDA:0,u
FNDA:0,(anonymous_1258)
FNDA:0,(anonymous_1259)
FNDA:0,mountComponent
FNDA:0,receiveComponent
FNDA:0,getHostNode
FNDA:0,unmountComponent
FNDA:0,(anonymous_1264)
FNDA:0,r
FNDA:0,close
FNDA:0,getTransactionWrappers
FNDA:0,batchedUpdates
FNDA:0,(anonymous_1269)
FNDA:0,r
FNDA:0,o
FNDA:0,a
FNDA:0,i
FNDA:0,destructor
FNDA:0,setHandleTopLevel
FNDA:0,setEnabled
FNDA:0,isEnabled
FNDA:0,trapBubbledEvent
FNDA:0,trapCapturedEvent
FNDA:0,monitorScrollValue
FNDA:0,dispatchEvent
FNDA:0,(anonymous_1282)
FNDA:0,r
FNDA:0,(anonymous_1284)
FNDA:0,(anonymous_1285)
FNDA:0,r
FNDA:0,initialize
FNDA:0,close
FNDA:0,initialize
FNDA:0,close
FNDA:0,getTransactionWrappers
FNDA:0,getReactMountReady
FNDA:0,getUpdateQueue
FNDA:0,checkpoint
FNDA:0,rollback
FNDA:0,destructor
FNDA:0,(anonymous_1297)
FNDA:0,r
FNDA:0,o
FNDA:0,a
FNDA:0,i
FNDA:0,u
FNDA:0,(anonymous_1303)
FNDA:0,r
FNDA:0,o
FNDA:0,a
FNDA:0,(anonymous_1307)
FNDA:0,r
FNDA:0,(anonymous_1309)
FNDA:0,r
FNDA:0,(anonymous_1311)
FNDA:0,r
FNDA:0,(anonymous_1313)
FNDA:0,(anonymous_1314)
FNDA:0,(anonymous_1315)
FNDA:0,r
FNDA:0,o
FNDA:0,extractEvents
FNDA:0,didPutListener
FNDA:0,(anonymous_1320)
FNDA:0,r
FNDA:0,o
FNDA:0,(anonymous_1323)
FNDA:0,extractEvents
FNDA:0,didPutListener
FNDA:0,willDeleteListener
FNDA:0,(anonymous_1327)
FNDA:0,r
FNDA:0,(anonymous_1329)
FNDA:0,r
FNDA:0,clipboardData
FNDA:0,(anonymous_1332)
FNDA:0,r
FNDA:0,(anonymous_1334)
FNDA:0,r
FNDA:0,charCode
FNDA:0,keyCode
FNDA:0,which
FNDA:0,(anonymous_1339)
FNDA:0,r
FNDA:0,(anonymous_1341)
FNDA:0,r
FNDA:0,(anonymous_1343)
FNDA:0,r
FNDA:0,(anonymous_1345)
FNDA:0,r
FNDA:0,(anonymous_1347)
FNDA:0,r
FNDA:0,deltaX
FNDA:0,deltaY
FNDA:0,(anonymous_1351)
FNDA:0,r
FNDA:0,(anonymous_1353)
FNDA:0,(anonymous_1354)
FNDA:0,addChecksumToMarkup
FNDA:0,canReuseMarkup
FNDA:0,(anonymous_1357)
FNDA:0,r
FNDA:0,(anonymous_1359)
FNDA:0,(anonymous_1360)
FNDA:0,r
FNDA:0,(anonymous_1362)
FNDA:0,(anonymous_1363)
FNDA:0,(anonymous_1364)
FNDA:0,r
FNDA:0,o
FNDA:0,a
FNDA:0,i
FNDA:0,u
FNDA:0,s
FNDA:0,(anonymous_1371)
FNDA:0,e
FNDA:0,(anonymous_1373)
FNDA:0,(anonymous_1374)
FNDA:0,(anonymous_1375)
FNDA:0,t
FNDA:0,value
FNDA:0,value
FNDA:0,(anonymous_1379)
FNDA:0,r
FNDA:0,o
FNDA:0,a
FNDA:0,(anonymous_1383)
FNDA:0,t
FNDA:0,(anonymous_1385)
FNDA:0,(anonymous_1386)
FNDA:0,(anonymous_1387)
FNDA:0,(anonymous_1388)
FNDA:0,e
FNDA:0,t
FNDA:0,(anonymous_1391)
FNDA:0,r
FNDA:0,o
FNDA:0,a
FNDA:0,(anonymous_1395)
FNDA:0,t
FNDA:0,(anonymous_1397)
FNDA:0,(anonymous_1398)
FNDA:0,(anonymous_1399)
FNDA:0,r
FNDA:0,(anonymous_1401)
FNDA:0,encodePath
FNDA:0,decodePath
FNDA:0,m
FNDA:0,v
FNDA:0,y
FNDA:0,g
FNDA:0,E
FNDA:0,O
FNDA:0,T
FNDA:0,S
FNDA:0,(anonymous_1412)
FNDA:0,k
FNDA:0,A
FNDA:0,I
FNDA:0,(anonymous_1416)
FNDA:0,D
FNDA:0,(anonymous_1418)
FNDA:0,L
FNDA:0,U
FNDA:0,F
FNDA:0,H
FNDA:0,V
FNDA:0,(anonymous_1424)
FNDA:0,q
FNDA:0,(anonymous_1426)
FNDA:0,(anonymous_1427)
FNDA:0,(anonymous_1428)
FNDA:0,r
FNDA:0,(anonymous_1430)
FNDA:0,(anonymous_1431)
FNDA:0,(anonymous_1432)
FNDA:0,f
FNDA:0,d
FNDA:0,v
FNDA:0,y
FNDA:0,(anonymous_1437)
FNDA:0,w
FNDA:0,(anonymous_1439)
FNDA:0,E
FNDA:0,(anonymous_1441)
FNDA:0,C
FNDA:0,(anonymous_1443)
FNDA:0,O
FNDA:0,P
FNDA:0,x
FNDA:0,T
FNDA:0,S
FNDA:0,(anonymous_1449)
FNDA:0,r
FNDA:0,(anonymous_1451)
FNDA:0,(anonymous_1452)
FNDA:0,(anonymous_1453)
FNDA:0,f
FNDA:0,children
FNDA:0,(anonymous_1456)
FNDA:0,(anonymous_1457)
FNDA:0,r
FNDA:0,o
FNDA:0,a
FNDA:0,(anonymous_1461)
FNDA:0,i
FNDA:0,(anonymous_1463)
FNDA:0,u
FNDA:0,(anonymous_1465)
FNDA:0,s
FNDA:0,c
FNDA:0,l
FNDA:0,p
FNDA:0,f
FNDA:0,d
FNDA:0,h
FNDA:0,m
FNDA:0,v
FNDA:0,(anonymous_1475)
FNDA:0,(anonymous_1476)
FNDA:0,(anonymous_1477)
FNDA:0,(anonymous_1478)
FNDA:0,(anonymous_1479)
FNDA:0,(anonymous_1480)
FNDA:0,(anonymous_1481)
FNDA:0,(anonymous_1482)
FNDA:0,(anonymous_1483)
FNDA:0,(anonymous_1484)
FNDA:0,(anonymous_1485)
FNDA:0,(anonymous_1486)
FNDA:0,(anonymous_1487)
FNDA:0,(anonymous_1488)
FNDA:0,(anonymous_1489)
FNDA:0,r
FNDA:0,o
FNDA:0,a
FNDA:0,i
FNDA:0,(anonymous_1494)
FNDA:0,n
FNDA:0,(anonymous_1496)
FNDA:0,(anonymous_1497)
FNDA:0,(anonymous_1498)
FNDA:0,r
FNDA:0,o
FNDA:0,clear
FNDA:0,notify
FNDA:0,get
FNDA:0,subscribe
FNDA:0,(anonymous_1505)
FNDA:0,(anonymous_1506)
FNDA:0,notify
FNDA:0,(anonymous_1508)
FNDA:0,e
FNDA:0,(anonymous_1510)
FNDA:0,(anonymous_1511)
FNDA:0,(anonymous_1512)
FNDA:0,(anonymous_1513)
FNDA:0,(anonymous_1514)
FNDA:0,(anonymous_1515)
FNDA:0,r
FNDA:0,o
FNDA:0,(anonymous_1518)
FNDA:0,a
FNDA:0,(anonymous_1520)
FNDA:0,(anonymous_1521)
FNDA:0,(anonymous_1522)
FNDA:0,getDisplayName
FNDA:0,(anonymous_1524)
FNDA:0,r
FNDA:0,o
FNDA:0,(anonymous_1527)
FNDA:0,r
FNDA:0,o
FNDA:0,(anonymous_1530)
FNDA:0,a
FNDA:0,(anonymous_1532)
FNDA:0,(anonymous_1533)
FNDA:0,r
FNDA:0,(anonymous_1535)
FNDA:0,(anonymous_1536)
FNDA:0,(anonymous_1537)
FNDA:0,(anonymous_1538)
FNDA:0,r
FNDA:0,(anonymous_1540)
FNDA:0,r
FNDA:0,(anonymous_1542)
FNDA:0,(anonymous_1543)
FNDA:0,r
FNDA:0,(anonymous_1545)
FNDA:0,(anonymous_1546)
FNDA:0,r
FNDA:0,(anonymous_1548)
FNDA:0,(anonymous_1549)
FNDA:0,(anonymous_1550)
FNDA:0,(anonymous_1551)
FNDA:0,(anonymous_1552)
FNDA:0,(anonymous_1553)
FNDA:0,(anonymous_1554)
FNDA:0,get
FNDA:0,get
FNDA:0,(anonymous_1557)
FNDA:0,r
FNDA:0,(anonymous_1559)
FNDA:0,r
FNDA:0,o
FNDA:0,(anonymous_1562)
FNDA:0,a
FNDA:0,(anonymous_1564)
FNDA:0,(anonymous_1565)
FNDA:0,r
FNDA:0,(anonymous_1567)
FNDA:0,o
FNDA:0,(anonymous_1569)
FNDA:0,r
FNDA:0,(anonymous_1571)
FNDA:0,(anonymous_1572)
FNDA:0,dispatch
FNDA:0,(anonymous_1574)
FNDA:0,(anonymous_1575)
FNDA:0,(anonymous_1576)
FNDA:0,r
FNDA:0,o
FNDA:0,(anonymous_1579)
FNDA:0,(anonymous_1580)
FNDA:0,r
FNDA:0,o
FNDA:0,(anonymous_1583)
FNDA:0,(anonymous_1584)
FNDA:0,a
FNDA:0,i
FNDA:0,(anonymous_1587)
FNDA:0,(anonymous_1588)
FNDA:0,(anonymous_1589)
FNDA:0,r
FNDA:0,o
FNDA:0,(anonymous_1592)
FNDA:0,a
FNDA:0,a
FNDA:0,i
FNDA:0,u
FNDA:0,s
FNDA:0,c
FNDA:0,(anonymous_1599)
FNDA:0,i
FNDA:0,(anonymous_1601)
FNDA:0,(anonymous_1602)
FNDA:0,(anonymous_1603)
FNDA:0,r
FNDA:0,o
FNDA:0,a
FNDA:0,i
FNDA:0,u
FNDA:0,s
FNDA:0,(anonymous_1610)
FNDA:0,e
FNDA:0,(anonymous_1612)
FNDA:0,(anonymous_1613)
FNDA:0,(anonymous_1614)
FNDA:0,t
FNDA:0,value
FNDA:0,value
FNDA:0,value
FNDA:0,(anonymous_1619)
FNDA:0,(anonymous_1620)
FNDA:0,r
FNDA:0,o
FNDA:0,a
FNDA:0,i
FNDA:0,u
FNDA:0,s
FNDA:0,(anonymous_1627)
FNDA:0,e
FNDA:0,(anonymous_1629)
FNDA:0,(anonymous_1630)
FNDA:0,(anonymous_1631)
FNDA:0,t
FNDA:0,value
FNDA:0,value
FNDA:0,(anonymous_1635)
FNDA:0,r
FNDA:0,(anonymous_1637)
FNDA:0,(anonymous_1638)
FNDA:0,r
FNDA:0,o
FNDA:0,a
FNDA:0,i
FNDA:0,u
FNDA:0,s
FNDA:0,(anonymous_1645)
FNDA:0,e
FNDA:0,(anonymous_1647)
FNDA:0,(anonymous_1648)
FNDA:0,(anonymous_1649)
FNDA:0,t
FNDA:0,value
FNDA:0,(anonymous_1652)
FNDA:0,(anonymous_1653)
FNDA:0,(anonymous_1654)
FNDA:0,r
FNDA:0,o
FNDA:0,a
FNDA:0,i
FNDA:0,(anonymous_1659)
FNDA:0,e
FNDA:0,(anonymous_1661)
FNDA:0,(anonymous_1662)
FNDA:0,(anonymous_1663)
FNDA:0,t
FNDA:0,value
FNDA:0,(anonymous_1666)
FNDA:0,(anonymous_1667)
FNDA:0,(anonymous_1668)
FNDA:0,r
FNDA:0,o
FNDA:0,a
FNDA:0,i
FNDA:0,u
FNDA:0,s
FNDA:0,(anonymous_1675)
FNDA:0,e
FNDA:0,(anonymous_1677)
FNDA:0,(anonymous_1678)
FNDA:0,(anonymous_1679)
FNDA:0,t
FNDA:0,value
FNDA:0,value
FNDA:0,(anonymous_1683)
FNDA:0,r
FNDA:0,(anonymous_1685)
FNDA:0,(anonymous_1686)
FNDA:0,(anonymous_1687)
FNDA:0,n
FNDA:0,r
FNDA:0,(anonymous_1690)
FNDA:0,(anonymous_1691)
FNDA:0,r
FNDA:0,(anonymous_1693)
FNDA:0,(anonymous_1694)
FNDA:0,(anonymous_1695)
FNDA:0,(anonymous_1696)
FNDA:0,(anonymous_1697)
FNDA:0,(anonymous_1698)
FNDA:0,(anonymous_1699)
FNDA:0,(anonymous_1700)
FNDA:0,(anonymous_1701)
FNDA:0,(anonymous_1702)
FNDA:0,(anonymous_1703)
FNDA:0,(anonymous_1704)
FNDA:0,(anonymous_1705)
FNDA:0,(anonymous_1706)
FNDA:0,(anonymous_1707)
FNDA:0,r
FNDA:0,(anonymous_1709)
FNDA:0,(anonymous_1710)
FNDA:0,(anonymous_1711)
FNDA:0,(anonymous_1712)
FNDA:0,(anonymous_1713)
FNDA:0,(anonymous_1714)
FNDA:0,(anonymous_1715)
FNDA:0,(anonymous_1716)
FNDA:0,e
FNDA:0,(anonymous_1718)
FNDA:0,(anonymous_1719)
FNDA:0,(anonymous_1720)
FNDA:0,(anonymous_1721)
FNDA:0,r
FNDA:0,o
FNDA:0,(anonymous_1724)
FNDA:0,(anonymous_1725)
FNDA:0,write
FNDA:0,read
FNDA:0,remove
FNDA:0,(anonymous_1729)
FNDA:0,write
FNDA:0,read
FNDA:0,remove
FNDA:0,(anonymous_1733)
FNDA:0,r
FNDA:0,(anonymous_1735)
FNDA:0,(anonymous_1736)
FNDA:0,(anonymous_1737)
FNDA:0,(anonymous_1738)
FNDA:0,(anonymous_1739)
FNDA:0,r
FNDA:0,(anonymous_1741)
FNDA:0,(anonymous_1742)
FNDA:0,(anonymous_1743)
FNDA:0,(anonymous_1744)
FNDA:0,(anonymous_1745)
FNDA:0,(anonymous_1746)
FNDA:0,(anonymous_1747)
FNDA:0,(anonymous_1748)
FNDA:0,(anonymous_1749)
FNDA:0,(anonymous_1750)
FNDA:0,(anonymous_1751)
FNDA:0,(anonymous_1752)
FNDA:0,r
FNDA:0,(anonymous_1754)
FNDA:0,(anonymous_1755)
FNDA:0,(anonymous_1756)
FNDA:0,(anonymous_1757)
FNDA:0,(anonymous_1758)
FNDA:0,(anonymous_1759)
FNDA:0,(anonymous_1760)
FNDA:0,(anonymous_1761)
FNDA:0,(anonymous_1762)
FNDA:0,(anonymous_1763)
FNDA:0,r
FNDA:0,o
FNDA:0,a
FNDA:0,i
FNDA:0,u
FNDA:0,s
FNDA:0,(anonymous_1770)
FNDA:0,e
FNDA:0,(anonymous_1772)
FNDA:0,(anonymous_1773)
FNDA:0,(anonymous_1774)
FNDA:0,t
FNDA:0,value
FNDA:0,value
FNDA:0,value
FNDA:0,(anonymous_1779)
FNDA:0,(anonymous_1780)
FNDA:0,r
FNDA:0,o
FNDA:0,a
FNDA:0,i
FNDA:0,(anonymous_1785)
FNDA:0,e
FNDA:0,(anonymous_1787)
FNDA:0,(anonymous_1788)
FNDA:0,t
FNDA:0,value
FNDA:0,(anonymous_1791)
FNDA:0,(anonymous_1792)
FNDA:0,r
FNDA:0,o
FNDA:0,a
FNDA:0,i
FNDA:0,(anonymous_1797)
FNDA:0,e
FNDA:0,(anonymous_1799)
FNDA:0,(anonymous_1800)
FNDA:0,t
FNDA:0,value
FNDA:0,(anonymous_1803)
FNDA:0,(anonymous_1804)
FNDA:0,r
FNDA:0,o
FNDA:0,a
FNDA:0,i
FNDA:0,(anonymous_1809)
FNDA:0,e
FNDA:0,(anonymous_1811)
FNDA:0,(anonymous_1812)
FNDA:0,t
FNDA:0,value
FNDA:0,(anonymous_1815)
FNDA:0,(anonymous_1816)
FNDA:0,r
FNDA:0,o
FNDA:0,a
FNDA:0,i
FNDA:0,(anonymous_1821)
FNDA:0,e
FNDA:0,(anonymous_1823)
FNDA:0,(anonymous_1824)
FNDA:0,t
FNDA:0,value
FNDA:0,(anonymous_1827)
FNDA:0,(anonymous_1828)
FNDA:0,r
FNDA:0,o
FNDA:0,a
FNDA:0,i
FNDA:0,(anonymous_1833)
FNDA:0,e
FNDA:0,(anonymous_1835)
FNDA:0,(anonymous_1836)
FNDA:0,t
FNDA:0,value
FNDA:0,(anonymous_1839)
FNDA:0,(anonymous_1840)
FNDA:0,r
FNDA:0,o
FNDA:0,a
FNDA:0,i
FNDA:0,(anonymous_1845)
FNDA:0,e
FNDA:0,(anonymous_1847)
FNDA:0,(anonymous_1848)
FNDA:0,t
FNDA:0,value
FNDA:0,(anonymous_1851)
FNDA:0,(anonymous_1852)
FNDA:0,r
FNDA:0,o
FNDA:0,a
FNDA:0,i
FNDA:0,u
FNDA:0,s
FNDA:0,(anonymous_1859)
FNDA:0,e
FNDA:0,(anonymous_1861)
FNDA:0,(anonymous_1862)
FNDA:0,(anonymous_1863)
FNDA:0,t
FNDA:0,value
FNDA:0,value
FNDA:0,value
FNDA:0,value
FNDA:0,(anonymous_1869)
FNDA:0,r
FNDA:0,(anonymous_1871)
FNDA:0,(anonymous_1872)
FNDA:0,(anonymous_1873)
FNDA:0,r
FNDA:0,o
FNDA:0,a
FNDA:0,i
FNDA:0,(anonymous_1878)
FNDA:0,e
FNDA:0,(anonymous_1880)
FNDA:0,(anonymous_1881)
FNDA:0,t
FNDA:0,value
FNDA:0,(anonymous_1884)
FNDA:0,(anonymous_1885)
FNDA:0,r
FNDA:0,o
FNDA:0,a
FNDA:0,i
FNDA:0,u
FNDA:0,s
FNDA:0,(anonymous_1892)
FNDA:0,e
FNDA:0,(anonymous_1894)
FNDA:0,(anonymous_1895)
FNDA:0,(anonymous_1896)
FNDA:0,t
FNDA:0,value
FNDA:0,value
FNDA:0,value
FNDA:0,(anonymous_1901)
FNDA:0,(anonymous_1902)
FNDA:0,r
FNDA:0,o
FNDA:0,a
FNDA:0,i
FNDA:0,u
FNDA:0,s
FNDA:0,(anonymous_1909)
FNDA:0,e
FNDA:0,(anonymous_1911)
FNDA:0,(anonymous_1912)
FNDA:0,(anonymous_1913)
FNDA:0,t
FNDA:0,value
FNDA:0,value
FNDA:0,value
FNDA:0,value
FNDA:0,(anonymous_1919)
FNDA:0,(anonymous_1920)
FNDA:0,r
FNDA:0,o
FNDA:0,a
FNDA:0,i
FNDA:0,(anonymous_1925)
FNDA:0,e
FNDA:0,(anonymous_1927)
FNDA:0,(anonymous_1928)
FNDA:0,t
FNDA:0,value
FNDA:0,(anonymous_1931)
FNDA:0,(anonymous_1932)
FNDA:0,(anonymous_1933)
FNDA:0,(anonymous_1934)
FNDA:0,(anonymous_1935)
FNDA:0,(anonymous_1936)
FNDA:0,(anonymous_1937)
FNDA:0,(anonymous_1938)
FNDA:0,(anonymous_1939)
FNDA:0,(anonymous_1940)
FNDA:0,(anonymous_1941)
FNDA:0,(anonymous_1942)
FNDA:0,r
FNDA:0,(anonymous_1944)
FNDA:0,r
FNDA:0,m
FNDA:0,v
FNDA:0,y
FNDA:0,listen
FNDA:0,(anonymous_1950)
FNDA:0,(anonymous_1951)
FNDA:0,unsubscribe
FNDA:0,(anonymous_1953)
FNDA:0,i
FNDA:0,(anonymous_1955)
FNDA:0,r
FNDA:0,o
FNDA:0,(anonymous_1958)
FNDA:0,(anonymous_1959)
FNDA:0,(anonymous_1960)
FNDA:0,(anonymous_1961)
FNDA:0,r
FNDA:0,(anonymous_1963)
FNDA:0,(anonymous_1964)
FNDA:0,(anonymous_1965)
FNDA:0,v
FNDA:0,b
FNDA:0,_
FNDA:0,(anonymous_1969)
FNDA:0,(anonymous_1970)
FNDA:0,(anonymous_1971)
FNDA:0,(anonymous_1972)
FNDA:0,(anonymous_1973)
FNDA:0,(anonymous_1974)
FNDA:0,(anonymous_1975)
FNDA:0,e
FNDA:0,(anonymous_1977)
FNDA:0,(anonymous_1978)
FNDA:0,r
FNDA:0,(anonymous_1980)
FNDA:0,(anonymous_1981)
FNDA:0,(anonymous_1982)
FNDA:0,r
FNDA:0,(anonymous_1984)
FNDA:0,r
FNDA:0,(anonymous_1986)
FNDA:0,r
FNDA:0,(anonymous_1988)
FNDA:0,(anonymous_1989)
FNDA:0,r
FNDA:0,(anonymous_1991)
FNDA:0,(anonymous_1992)
FNDA:0,r
FNDA:0,(anonymous_1994)
FNDA:0,r
FNDA:0,(anonymous_1996)
FNDA:0,r
DA:1,0
DA:6,0
DA:20,0
DA:26,0
LF:4
LH:0
BRDA:1,0,0,0
BRDA:1,0,1,0
BRDA:1,1,0,0
BRDA:1,1,1,0
BRDA:1,2,0,0
BRDA:1,2,1,0
BRDA:1,3,0,0
BRDA:1,3,1,0
BRDA:1,3,2,0
BRDA:1,3,3,0
BRDA:1,4,0,0
BRDA:1,4,1,0
BRDA:1,5,0,0
BRDA:1,5,1,0
BRDA:1,6,0,0
BRDA:1,6,1,0
BRDA:1,7,0,0
BRDA:1,7,1,0
BRDA:1,8,0,0
BRDA:1,8,1,0
BRDA:1,9,0,0
BRDA:1,9,1,0
BRDA:1,10,0,0
BRDA:1,10,1,0
BRDA:1,11,0,0
BRDA:1,11,1,0
BRDA:6,12,0,0
BRDA:6,12,1,0
BRDA:6,13,0,0
BRDA:6,13,1,0
BRDA:6,14,0,0
BRDA:6,14,1,0
BRDA:6,15,0,0
BRDA:6,15,1,0
BRDA:6,16,0,0
BRDA:6,16,1,0
BRDA:6,17,0,0
BRDA:6,17,1,0
BRDA:6,18,0,0
BRDA:6,18,1,0
BRDA:6,19,0,0
BRDA:6,19,1,0
BRDA:6,19,2,0
BRDA:6,19,3,0
BRDA:6,19,4,0
BRDA:6,19,5,0
BRDA:6,20,0,0
BRDA:6,20,1,0
BRDA:6,21,0,0
BRDA:6,21,1,0
BRDA:6,22,0,0
BRDA:6,22,1,0
BRDA:6,23,0,0
BRDA:6,23,1,0
BRDA:6,24,0,0
BRDA:6,24,1,0
BRDA:6,25,0,0
BRDA:6,25,1,0
BRDA:6,26,0,0
BRDA:6,26,1,0
BRDA:6,27,0,0
BRDA:6,27,1,0
BRDA:6,28,0,0
BRDA:6,28,1,0
BRDA:6,29,0,0
BRDA:6,29,1,0
BRDA:6,30,0,0
BRDA:6,30,1,0
BRDA:6,31,0,0
BRDA:6,31,1,0
BRDA:6,32,0,0
BRDA:6,32,1,0
BRDA:6,33,0,0
BRDA:6,33,1,0
BRDA:6,34,0,0
BRDA:6,34,1,0
BRDA:6,34,2,0
BRDA:6,35,0,0
BRDA:6,35,1,0
BRDA:6,36,0,0
BRDA:6,36,1,0
BRDA:6,37,0,0
BRDA:6,37,1,0
BRDA:6,38,0,0
BRDA:6,38,1,0
BRDA:6,39,0,0
BRDA:6,39,1,0
BRDA:6,40,0,0
BRDA:6,40,1,0
BRDA:6,41,0,0
BRDA:6,41,1,0
BRDA:6,42,0,0
BRDA:6,42,1,0
BRDA:6,43,0,0
BRDA:6,43,1,0
BRDA:6,43,2,0
BRDA:6,44,0,0
BRDA:6,44,1,0
BRDA:6,45,0,0
BRDA:6,45,1,0
BRDA:6,46,0,0
BRDA:6,46,1,0
BRDA:6,47,0,0
BRDA:6,47,1,0
BRDA:6,48,0,0
BRDA:6,48,1,0
BRDA:6,48,2,0
BRDA:6,48,3,0
BRDA:6,49,0,0
BRDA:6,49,1,0
BRDA:6,50,0,0
BRDA:6,50,1,0
BRDA:6,51,0,0
BRDA:6,51,1,0
BRDA:6,52,0,0
BRDA:6,52,1,0
BRDA:6,52,2,0
BRDA:6,53,0,0
BRDA:6,53,1,0
BRDA:6,54,0,0
BRDA:6,54,1,0
BRDA:6,55,0,0
BRDA:6,55,1,0
BRDA:6,56,0,0
BRDA:6,56,1,0
BRDA:6,57,0,0
BRDA:6,57,1,0
BRDA:6,58,0,0
BRDA:6,58,1,0
BRDA:6,59,0,0
BRDA:6,59,1,0
BRDA:6,60,0,0
BRDA:6,60,1,0
BRDA:6,60,2,0
BRDA:6,61,0,0
BRDA:6,61,1,0
BRDA:6,62,0,0
BRDA:6,62,1,0
BRDA:6,63,0,0
BRDA:6,63,1,0
BRDA:6,64,0,0
BRDA:6,64,1,0
BRDA:6,65,0,0
BRDA:6,65,1,0
BRDA:6,66,0,0
BRDA:6,66,1,0
BRDA:6,67,0,0
BRDA:6,67,1,0
BRDA:6,68,0,0
BRDA:6,68,1,0
BRDA:6,69,0,0
BRDA:6,69,1,0
BRDA:6,70,0,0
BRDA:6,70,1,0
BRDA:6,71,0,0
BRDA:6,71,1,0
BRDA:6,72,0,0
BRDA:6,72,1,0
BRDA:6,73,0,0
BRDA:6,73,1,0
BRDA:6,74,0,0
BRDA:6,74,1,0
BRDA:6,75,0,0
BRDA:6,75,1,0
BRDA:6,76,0,0
BRDA:6,76,1,0
BRDA:6,77,0,0
BRDA:6,77,1,0
BRDA:6,78,0,0
BRDA:6,78,1,0
BRDA:6,79,0,0
BRDA:6,79,1,0
BRDA:6,80,0,0
BRDA:6,80,1,0
BRDA:6,81,0,0
BRDA:6,81,1,0
BRDA:6,82,0,0
BRDA:6,82,1,0
BRDA:6,83,0,0
BRDA:6,83,1,0
BRDA:6,84,0,0
BRDA:6,84,1,0
BRDA:6,85,0,0
BRDA:6,85,1,0
BRDA:6,86,0,0
BRDA:6,86,1,0
BRDA:6,87,0,0
BRDA:6,87,1,0
BRDA:6,88,0,0
BRDA:6,88,1,0
BRDA:6,89,0,0
BRDA:6,89,1,0
BRDA:6,90,0,0
BRDA:6,90,1,0
BRDA:6,91,0,0
BRDA:6,91,1,0
BRDA:6,92,0,0
BRDA:6,92,1,0
BRDA:6,93,0,0
BRDA:6,93,1,0
BRDA:6,94,0,0
BRDA:6,94,1,0
BRDA:6,95,0,0
BRDA:6,95,1,0
BRDA:6,96,0,0
BRDA:6,96,1,0
BRDA:6,97,0,0
BRDA:6,97,1,0
BRDA:6,98,0,0
BRDA:6,98,1,0
BRDA:6,99,0,0
BRDA:6,99,1,0
BRDA:6,100,0,0
BRDA:6,100,1,0
BRDA:6,101,0,0
BRDA:6,101,1,0
BRDA:6,102,0,0
BRDA:6,102,1,0
BRDA:6,102,2,0
BRDA:6,103,0,0
BRDA:6,103,1,0
BRDA:6,104,0,0
BRDA:6,104,1,0
BRDA:6,105,0,0
BRDA:6,105,1,0
BRDA:6,106,0,0
BRDA:6,106,1,0
BRDA:6,107,0,0
BRDA:6,107,1,0
BRDA:6,108,0,0
BRDA:6,108,1,0
BRDA:6,109,0,0
BRDA:6,109,1,0
BRDA:6,110,0,0
BRDA:6,110,1,0
BRDA:6,111,0,0
BRDA:6,111,1,0
BRDA:6,111,2,0
BRDA:6,112,0,0
BRDA:6,112,1,0
BRDA:6,112,2,0
BRDA:6,113,0,0
BRDA:6,113,1,0
BRDA:6,114,0,0
BRDA:6,114,1,0
BRDA:6,115,0,0
BRDA:6,115,1,0
BRDA:6,116,0,0
BRDA:6,116,1,0
BRDA:6,117,0,0
BRDA:6,117,1,0
BRDA:6,117,2,0
BRDA:6,118,0,0
BRDA:6,118,1,0
BRDA:6,119,0,0
BRDA:6,119,1,0
BRDA:6,120,0,0
BRDA:6,120,1,0
BRDA:6,121,0,0
BRDA:6,121,1,0
BRDA:6,122,0,0
BRDA:6,122,1,0
BRDA:6,123,0,0
BRDA:6,123,1,0
BRDA:6,124,0,0
BRDA:6,124,1,0
BRDA:6,125,0,0
BRDA:6,125,1,0
BRDA:6,126,0,0
BRDA:6,126,1,0
BRDA:6,127,0,0
BRDA:6,127,1,0
BRDA:6,128,0,0
BRDA:6,128,1,0
BRDA:6,129,0,0
BRDA:6,129,1,0
BRDA:6,130,0,0
BRDA:6,130,1,0
BRDA:6,131,0,0
BRDA:6,131,1,0
BRDA:6,132,0,0
BRDA:6,132,1,0
BRDA:6,132,2,0
BRDA:6,133,0,0
BRDA:6,133,1,0
BRDA:6,134,0,0
BRDA:6,134,1,0
BRDA:6,135,0,0
BRDA:6,135,1,0
BRDA:6,136,0,0
BRDA:6,136,1,0
BRDA:6,136,2,0
BRDA:6,136,3,0
BRDA:6,137,0,0
BRDA:6,137,1,0
BRDA:6,138,0,0
BRDA:6,138,1,0
BRDA:6,139,0,0
BRDA:6,139,1,0
BRDA:6,140,0,0
BRDA:6,140,1,0
BRDA:6,141,0,0
BRDA:6,141,1,0
BRDA:6,142,0,0
BRDA:6,142,1,0
BRDA:6,143,0,0
BRDA:6,143,1,0
BRDA:6,144,0,0
BRDA:6,144,1,0
BRDA:6,145,0,0
BRDA:6,145,1,0
BRDA:6,145,2,0
BRDA:6,145,3,0
BRDA:6,145,4,0
BRDA:6,146,0,0
BRDA:6,146,1,0
BRDA:6,147,0,0
BRDA:6,147,1,0
BRDA:6,147,2,0
BRDA:6,147,3,0
BRDA:6,147,4,0
BRDA:6,148,0,0
BRDA:6,148,1,0
BRDA:6,149,0,0
BRDA:6,149,1,0
BRDA:6,149,2,0
BRDA:6,150,0,0
BRDA:6,150,1,0
BRDA:6,151,0,0
BRDA:6,151,1,0
BRDA:6,152,0,0
BRDA:6,152,1,0
BRDA:6,153,0,0
BRDA:6,153,1,0
BRDA:6,154,0,0
BRDA:6,154,1,0
BRDA:6,155,0,0
BRDA:6,155,1,0
BRDA:6,156,0,0
BRDA:6,156,1,0
BRDA:6,156,2,0
BRDA:6,157,0,0
BRDA:6,157,1,0
BRDA:6,157,2,0
BRDA:6,157,3,0
BRDA:6,158,0,0
BRDA:6,158,1,0
BRDA:6,158,2,0
BRDA:6,158,3,0
BRDA:6,158,4,0
BRDA:6,158,5,0
BRDA:6,158,6,0
BRDA:6,158,7,0
BRDA:6,158,8,0
BRDA:6,158,9,0
BRDA:6,158,10,0
BRDA:6,159,0,0
BRDA:6,159,1,0
BRDA:6,160,0,0
BRDA:6,160,1,0
BRDA:6,161,0,0
BRDA:6,161,1,0
BRDA:6,162,0,0
BRDA:6,162,1,0
BRDA:6,163,0,0
BRDA:6,163,1,0
BRDA:6,164,0,0
BRDA:6,164,1,0
BRDA:6,165,0,0
BRDA:6,165,1,0
BRDA:6,165,2,0
BRDA:6,166,0,0
BRDA:6,166,1,0
BRDA:6,167,0,0
BRDA:6,167,1,0
BRDA:6,168,0,0
BRDA:6,168,1,0
BRDA:6,168,2,0
BRDA:6,169,0,0
BRDA:6,169,1,0
BRDA:6,170,0,0
BRDA:6,170,1,0
BRDA:6,171,0,0
BRDA:6,171,1,0
BRDA:6,172,0,0
BRDA:6,172,1,0
BRDA:6,172,2,0
BRDA:6,173,0,0
BRDA:6,173,1,0
BRDA:6,174,0,0
BRDA:6,174,1,0
BRDA:6,175,0,0
BRDA:6,175,1,0
BRDA:6,176,0,0
BRDA:6,176,1,0
BRDA:6,177,0,0
BRDA:6,177,1,0
BRDA:6,178,0,0
BRDA:6,178,1,0
BRDA:6,179,0,0
BRDA:6,179,1,0
BRDA:6,180,0,0
BRDA:6,180,1,0
BRDA:6,181,0,0
BRDA:6,181,1,0
BRDA:6,182,0,0
BRDA:6,182,1,0
BRDA:6,183,0,0
BRDA:6,183,1,0
BRDA:6,184,0,0
BRDA:6,184,1,0
BRDA:6,185,0,0
BRDA:6,185,1,0
BRDA:6,186,0,0
BRDA:6,186,1,0
BRDA:6,187,0,0
BRDA:6,187,1,0
BRDA:6,188,0,0
BRDA:6,188,1,0
BRDA:6,189,0,0
BRDA:6,189,1,0
BRDA:6,190,0,0
BRDA:6,190,1,0
BRDA:6,191,0,0
BRDA:6,191,1,0
BRDA:6,192,0,0
BRDA:6,192,1,0
BRDA:6,193,0,0
BRDA:6,193,1,0
BRDA:6,193,2,0
BRDA:6,194,0,0
BRDA:6,194,1,0
BRDA:6,195,0,0
BRDA:6,195,1,0
BRDA:6,195,2,0
BRDA:6,196,0,0
BRDA:6,196,1,0
BRDA:6,197,0,0
BRDA:6,197,1,0
BRDA:6,198,0,0
BRDA:6,198,1,0
BRDA:6,199,0,0
BRDA:6,199,1,0
BRDA:6,200,0,0
BRDA:6,200,1,0
BRDA:6,201,0,0
BRDA:6,201,1,0
BRDA:6,202,0,0
BRDA:6,202,1,0
BRDA:6,203,0,0
BRDA:6,203,1,0
BRDA:6,204,0,0
BRDA:6,204,1,0
BRDA:6,205,0,0
BRDA:6,205,1,0
BRDA:6,206,0,0
BRDA:6,206,1,0
BRDA:6,207,0,0
BRDA:6,207,1,0
BRDA:6,207,2,0
BRDA:6,208,0,0
BRDA:6,208,1,0
BRDA:6,209,0,0
BRDA:6,209,1,0
BRDA:6,209,2,0
BRDA:6,210,0,0
BRDA:6,210,1,0
BRDA:6,211,0,0
BRDA:6,211,1,0
BRDA:6,212,0,0
BRDA:6,212,1,0
BRDA:6,213,0,0
BRDA:6,213,1,0
BRDA:6,214,0,0
BRDA:6,214,1,0
BRDA:6,215,0,0
BRDA:6,215,1,0
BRDA:6,216,0,0
BRDA:6,216,1,0
BRDA:6,217,0,0
BRDA:6,217,1,0
BRDA:6,217,2,0
BRDA:6,218,0,0
BRDA:6,218,1,0
BRDA:6,219,0,0
BRDA:6,219,1,0
BRDA:6,220,0,0
BRDA:6,220,1,0
BRDA:6,221,0,0
BRDA:6,221,1,0
BRDA:6,222,0,0
BRDA:6,222,1,0
BRDA:6,223,0,0
BRDA:6,223,1,0
BRDA:6,224,0,0
BRDA:6,224,1,0
BRDA:6,225,0,0
BRDA:6,225,1,0
BRDA:6,226,0,0
BRDA:6,226,1,0
BRDA:6,227,0,0
BRDA:6,227,1,0
BRDA:6,228,0,0
BRDA:6,228,1,0
BRDA:6,229,0,0
BRDA:6,229,1,0
BRDA:6,230,0,0
BRDA:6,230,1,0
BRDA:6,231,0,0
BRDA:6,231,1,0
BRDA:6,232,0,0
BRDA:6,232,1,0
BRDA:6,233,0,0
BRDA:6,233,1,0
BRDA:6,233,2,0
BRDA:6,234,0,0
BRDA:6,234,1,0
BRDA:6,235,0,0
BRDA:6,235,1,0
BRDA:6,236,0,0
BRDA:6,236,1,0
BRDA:6,236,2,0
BRDA:6,236,3,0
BRDA:6,236,4,0
BRDA:6,236,5,0
BRDA:6,237,0,0
BRDA:6,237,1,0
BRDA:6,238,0,0
BRDA:6,238,1,0
BRDA:6,239,0,0
BRDA:6,239,1,0
BRDA:6,240,0,0
BRDA:6,240,1,0
BRDA:6,241,0,0
BRDA:6,241,1,0
BRDA:6,242,0,0
BRDA:6,242,1,0
BRDA:6,243,0,0
BRDA:6,243,1,0
BRDA:6,244,0,0
BRDA:6,244,1,0
BRDA:6,245,0,0
BRDA:6,245,1,0
BRDA:6,246,0,0
BRDA:6,246,1,0
BRDA:6,247,0,0
BRDA:6,247,1,0
BRDA:6,248,0,0
BRDA:6,248,1,0
BRDA:6,248,2,0
BRDA:6,249,0,0
BRDA:6,249,1,0
BRDA:6,250,0,0
BRDA:6,250,1,0
BRDA:6,251,0,0
BRDA:6,251,1,0
BRDA:6,252,0,0
BRDA:6,252,1,0
BRDA:6,253,0,0
BRDA:6,253,1,0
BRDA:6,254,0,0
BRDA:6,254,1,0
BRDA:6,255,0,0
BRDA:6,255,1,0
BRDA:6,256,0,0
BRDA:6,256,1,0
BRDA:6,257,0,0
BRDA:6,257,1,0
BRDA:6,258,0,0
BRDA:6,258,1,0
BRDA:6,259,0,0
BRDA:6,259,1,0
BRDA:6,260,0,0
BRDA:6,260,1,0
BRDA:6,261,0,0
BRDA:6,261,1,0
BRDA:6,262,0,0
BRDA:6,262,1,0
BRDA:6,263,0,0
BRDA:6,263,1,0
BRDA:6,264,0,0
BRDA:6,264,1,0
BRDA:6,265,0,0
BRDA:6,265,1,0
BRDA:6,266,0,0
BRDA:6,266,1,0
BRDA:6,267,0,0
BRDA:6,267,1,0
BRDA:6,267,2,0
BRDA:6,268,0,0
BRDA:6,268,1,0
BRDA:6,269,0,0
BRDA:6,269,1,0
BRDA:6,270,0,0
BRDA:6,270,1,0
BRDA:6,271,0,0
BRDA:6,271,1,0
BRDA:6,272,0,0
BRDA:6,272,1,0
BRDA:6,273,0,0
BRDA:6,273,1,0
BRDA:6,274,0,0
BRDA:6,274,1,0
BRDA:6,275,0,0
BRDA:6,275,1,0
BRDA:6,276,0,0
BRDA:6,276,1,0
BRDA:6,277,0,0
BRDA:6,277,1,0
BRDA:6,278,0,0
BRDA:6,278,1,0
BRDA:6,279,0,0
BRDA:6,279,1,0
BRDA:6,280,0,0
BRDA:6,280,1,0
BRDA:6,281,0,0
BRDA:6,281,1,0
BRDA:6,282,0,0
BRDA:6,282,1,0
BRDA:6,283,0,0
BRDA:6,283,1,0
BRDA:6,284,0,0
BRDA:6,284,1,0
BRDA:6,285,0,0
BRDA:6,285,1,0
BRDA:6,286,0,0
BRDA:6,286,1,0
BRDA:6,287,0,0
BRDA:6,287,1,0
BRDA:6,288,0,0
BRDA:6,288,1,0
BRDA:6,289,0,0
BRDA:6,289,1,0
BRDA:6,290,0,0
BRDA:6,290,1,0
BRDA:6,291,0,0
BRDA:6,291,1,0
BRDA:6,292,0,0
BRDA:6,292,1,0
BRDA:6,293,0,0
BRDA:6,293,1,0
BRDA:6,294,0,0
BRDA:6,294,1,0
BRDA:6,295,0,0
BRDA:6,295,1,0
BRDA:6,296,0,0
BRDA:6,296,1,0
BRDA:6,297,0,0
BRDA:6,297,1,0
BRDA:6,298,0,0
BRDA:6,298,1,0
BRDA:6,299,0,0
BRDA:6,299,1,0
BRDA:6,300,0,0
BRDA:6,300,1,0
BRDA:6,301,0,0
BRDA:6,301,1,0
BRDA:6,302,0,0
BRDA:6,302,1,0
BRDA:6,302,2,0
BRDA:6,303,0,0
BRDA:6,303,1,0
BRDA:6,304,0,0
BRDA:6,304,1,0
BRDA:6,305,0,0
BRDA:6,305,1,0
BRDA:6,306,0,0
BRDA:6,306,1,0
BRDA:6,307,0,0
BRDA:6,307,1,0
BRDA:6,308,0,0
BRDA:6,308,1,0
BRDA:6,309,0,0
BRDA:6,309,1,0
BRDA:6,309,2,0
BRDA:6,309,3,0
BRDA:6,309,4,0
BRDA:6,310,0,0
BRDA:6,310,1,0
BRDA:6,311,0,0
BRDA:6,311,1,0
BRDA:6,312,0,0
BRDA:6,312,1,0
BRDA:6,313,0,0
BRDA:6,313,1,0
BRDA:6,314,0,0
BRDA:6,314,1,0
BRDA:6,315,0,0
BRDA:6,315,1,0
BRDA:6,315,2,0
BRDA:6,316,0,0
BRDA:6,316,1,0
BRDA:6,317,0,0
BRDA:6,317,1,0
BRDA:6,318,0,0
BRDA:6,318,1,0
BRDA:6,319,0,0
BRDA:6,319,1,0
BRDA:6,320,0,0
BRDA:6,320,1,0
BRDA:6,321,0,0
BRDA:6,321,1,0
BRDA:6,322,0,0
BRDA:6,322,1,0
BRDA:6,323,0,0
BRDA:6,323,1,0
BRDA:6,324,0,0
BRDA:6,324,1,0
BRDA:6,325,0,0
BRDA:6,325,1,0
BRDA:6,326,0,0
BRDA:6,326,1,0
BRDA:6,327,0,0
BRDA:6,327,1,0
BRDA:6,328,0,0
BRDA:6,328,1,0
BRDA:6,329,0,0
BRDA:6,329,1,0
BRDA:6,330,0,0
BRDA:6,330,1,0
BRDA:6,331,0,0
BRDA:6,331,1,0
BRDA:6,332,0,0
BRDA:6,332,1,0
BRDA:6,333,0,0
BRDA:6,333,1,0
BRDA:6,334,0,0
BRDA:6,334,1,0
BRDA:6,335,0,0
BRDA:6,335,1,0
BRDA:6,336,0,0
BRDA:6,336,1,0
BRDA:6,337,0,0
BRDA:6,337,1,0
BRDA:6,338,0,0
BRDA:6,338,1,0
BRDA:6,339,0,0
BRDA:6,339,1,0
BRDA:6,340,0,0
BRDA:6,340,1,0
BRDA:6,341,0,0
BRDA:6,341,1,0
BRDA:6,341,2,0
BRDA:6,342,0,0
BRDA:6,342,1,0
BRDA:6,343,0,0
BRDA:6,343,1,0
BRDA:6,344,0,0
BRDA:6,344,1,0
BRDA:6,345,0,0
BRDA:6,345,1,0
BRDA:6,346,0,0
BRDA:6,346,1,0
BRDA:6,347,0,0
BRDA:6,347,1,0
BRDA:6,348,0,0
BRDA:6,348,1,0
BRDA:6,349,0,0
BRDA:6,349,1,0
BRDA:6,350,0,0
BRDA:6,350,1,0
BRDA:6,351,0,0
BRDA:6,351,1,0
BRDA:6,352,0,0
BRDA:6,352,1,0
BRDA:6,352,2,0
BRDA:6,353,0,0
BRDA:6,353,1,0
BRDA:6,354,0,0
BRDA:6,354,1,0
BRDA:6,355,0,0
BRDA:6,355,1,0
BRDA:6,356,0,0
BRDA:6,356,1,0
BRDA:6,357,0,0
BRDA:6,357,1,0
BRDA:6,358,0,0
BRDA:6,358,1,0
BRDA:6,359,0,0
BRDA:6,359,1,0
BRDA:6,360,0,0
BRDA:6,360,1,0
BRDA:6,361,0,0
BRDA:6,361,1,0
BRDA:6,362,0,0
BRDA:6,362,1,0
BRDA:6,363,0,0
BRDA:6,363,1,0
BRDA:6,364,0,0
BRDA:6,364,1,0
BRDA:6,365,0,0
BRDA:6,365,1,0
BRDA:6,366,0,0
BRDA:6,366,1,0
BRDA:6,367,0,0
BRDA:6,367,1,0
BRDA:6,368,0,0
BRDA:6,368,1,0
BRDA:6,369,0,0
BRDA:6,369,1,0
BRDA:6,370,0,0
BRDA:6,370,1,0
BRDA:6,370,2,0
BRDA:6,371,0,0
BRDA:6,371,1,0
BRDA:6,372,0,0
BRDA:6,372,1,0
BRDA:20,373,0,0
BRDA:20,373,1,0
BRDA:20,374,0,0
BRDA:20,374,1,0
BRDA:20,374,2,0
BRDA:20,375,0,0
BRDA:20,375,1,0
BRDA:20,376,0,0
BRDA:20,376,1,0
BRDA:20,376,2,0
BRDA:20,376,3,0
BRDA:20,377,0,0
BRDA:20,377,1,0
BRDA:20,378,0,0
BRDA:20,378,1,0
BRDA:20,378,2,0
BRDA:20,379,0,0
BRDA:20,379,1,0
BRDA:20,380,0,0
BRDA:20,380,1,0
BRDA:20,381,0,0
BRDA:20,381,1,0
BRDA:20,382,0,0
BRDA:20,382,1,0
BRDA:20,383,0,0
BRDA:20,383,1,0
BRDA:20,384,0,0
BRDA:20,384,1,0
BRDA:20,385,0,0
BRDA:20,385,1,0
BRDA:20,386,0,0
BRDA:20,386,1,0
BRDA:20,387,0,0
BRDA:20,387,1,0
[...]
FNDA:0,render
FNDA:0,mapStateToProps
FNDA:0,mapDispatchToProps
DA:1,0
DA:2,0
DA:3,0
DA:4,0
DA:6,0
DA:8,0
DA:10,0
DA:12,0
DA:14,0
DA:15,0
DA:18,0
DA:22,0
DA:23,0
DA:24,0
DA:25,0
DA:28,0
DA:30,0
DA:36,0
DA:40,0
DA:54,0
DA:58,0
DA:62,0
DA:63,0
LF:23
LH:0
BRDA:1,0,0,0
BRDA:1,0,1,0
BRDA:1,1,0,0
BRDA:1,1,1,0
BRDA:1,2,0,0
BRDA:1,2,1,0
BRDA:1,3,0,0
BRDA:1,3,1,0
BRDA:8,4,0,0
BRDA:8,4,1,0
BRDA:8,5,0,0
BRDA:8,5,1,0
BRDA:8,6,0,0
BRDA:8,6,1,0
BRDA:8,7,0,0
BRDA:8,7,1,0
BRDA:8,8,0,0
BRDA:8,8,1,0
BRDA:8,9,0,0
BRDA:8,9,1,0
BRDA:8,10,0,0
BRDA:8,10,1,0
BRDA:8,11,0,0
BRDA:8,11,1,0
BRDA:8,12,0,0
BRDA:8,12,1,0
BRDA:8,13,0,0
BRDA:8,13,1,0
BRDA:8,13,2,0
BRDA:8,14,0,0
BRDA:8,14,1,0
BRDA:8,15,0,0
BRDA:8,15,1,0
BRDA:8,16,0,0
BRDA:8,16,1,0
BRDA:8,17,0,0
BRDA:8,17,1,0
BRDA:8,18,0,0
BRDA:8,18,1,0
BRDA:12,19,0,0
BRDA:12,19,1,0
BRDA:24,20,0,0
BRDA:24,20,1,0
BRDA:24,20,2,0
BRDA:24,20,3,0
BRDA:25,21,0,0
BRDA:25,21,1,0
BRDA:25,21,2,0
BRDA:25,21,3,0
BRDA:28,22,0,0
BRDA:28,22,1,0
BRDA:28,23,0,0
BRDA:28,23,1,0
BRDA:28,23,2,0
BRF:54
BRH:0
end_of_record
TN:
SF:/Users/johnny/Desktop/class_notes/Projects/GivingWeb/GivingWeb/src/components/Navigation/index.jsx
FN:1,(anonymous_0)
FN:1,defineProperties
FN:1,(anonymous_2)
FN:10,_interopRequireWildcard
FN:10,_interopRequireDefault
FN:10,_classCallCheck
FN:10,_possibleConstructorReturn
FN:10,_inherits
FN:12,(anonymous_8)
FN:12,Navigation
FN:12,renderDropdown
FN:20,renderMenuButton
FN:32,render
FN:66,mapStateToProps
FN:71,mapDispatchToProps
FNF:15
FNH:0
FNDA:0,(anonymous_0)
FNDA:0,defineProperties
FNDA:0,(anonymous_2)
FNDA:0,_interopRequireWildcard
FNDA:0,_interopRequireDefault
FNDA:0,_classCallCheck
FNDA:0,_possibleConstructorReturn
FNDA:0,_inherits
FNDA:0,(anonymous_8)
FNDA:0,Navigation
FNDA:0,renderDropdown
FNDA:0,renderMenuButton
FNDA:0,render
FNDA:0,mapStateToProps
FNDA:0,mapDispatchToProps
DA:1,0
DA:2,0
DA:3,0
DA:4,0
DA:6,0
DA:8,0
DA:10,0
DA:12,0
DA:15,0
DA:16,0
DA:18,0
DA:23,0
DA:24,0
DA:28,0
DA:35,0
DA:62,0
DA:67,0
DA:72,0
DA:73,0
LF:19
LH:0
BRDA:1,0,0,0
BRDA:1,0,1,0
BRDA:1,1,0,0
BRDA:1,1,1,0
BRDA:1,2,0,0
BRDA:1,2,1,0
BRDA:1,3,0,0
BRDA:1,3,1,0
BRDA:10,4,0,0
BRDA:10,4,1,0
BRDA:10,5,0,0
BRDA:10,5,1,0
BRDA:10,6,0,0
BRDA:10,6,1,0
BRDA:10,7,0,0
BRDA:10,7,1,0
BRDA:10,8,0,0
BRDA:10,8,1,0
BRDA:10,9,0,0
BRDA:10,9,1,0
BRDA:10,10,0,0
BRDA:10,10,1,0
BRDA:10,11,0,0
BRDA:10,11,1,0
BRDA:10,12,0,0
BRDA:10,12,1,0
BRDA:10,13,0,0
BRDA:10,13,1,0
BRDA:10,13,2,0
BRDA:10,14,0,0
BRDA:10,14,1,0
BRDA:10,15,0,0
BRDA:10,15,1,0
BRDA:10,16,0,0
BRDA:10,16,1,0
BRDA:10,17,0,0
BRDA:10,17,1,0
BRDA:10,18,0,0
BRDA:10,18,1,0
BRDA:12,19,0,0
BRDA:12,19,1,0
BRDA:15,20,0,0
BRDA:15,20,1,0
BRDA:23,21,0,0
BRDA:23,21,1,0
BRF:45
BRH:0
end_of_record
TN:
SF:/Users/johnny/Desktop/class_notes/Projects/GivingWeb/GivingWeb/src/components/NoAuthSubNavigation/index.jsx
FN:1,(anonymous_0)
FN:1,defineProperties
FN:1,(anonymous_2)
FN:8,_interopRequireWildcard
FN:8,_interopRequireDefault
FN:8,_classCallCheck
FN:8,_possibleConstructorReturn
FN:8,_inherits
FN:10,(anonymous_8)
FN:10,NoAuthSubNavigation
FN:10,whatsHappeningStyling
FN:16,render
FN:33,mapStateToProps
FN:38,mapDispatchToProps
FNF:14
FNH:0
FNDA:0,(anonymous_0)
FNDA:0,defineProperties
FNDA:0,(anonymous_2)
FNDA:0,_interopRequireWildcard
FNDA:0,_interopRequireDefault
FNDA:0,_classCallCheck
FNDA:0,_possibleConstructorReturn
FNDA:0,_inherits
FNDA:0,(anonymous_8)
FNDA:0,NoAuthSubNavigation
FNDA:0,whatsHappeningStyling
FNDA:0,render
FNDA:0,mapStateToProps
FNDA:0,mapDispatchToProps
DA:1,0
DA:2,0
DA:3,0
DA:4,0
DA:6,0
DA:8,0
DA:10,0
DA:13,0
DA:14,0
DA:19,0
DA:28,0
DA:34,0
DA:39,0
DA:40,0
LF:14
LH:0
BRDA:1,0,0,0
BRDA:1,0,1,0
BRDA:1,1,0,0
BRDA:1,1,1,0
BRDA:1,2,0,0
BRDA:1,2,1,0
BRDA:1,3,0,0
BRDA:1,3,1,0
BRDA:8,4,0,0
BRDA:8,4,1,0
BRDA:8,5,0,0
BRDA:8,5,1,0
BRDA:8,6,0,0
BRDA:8,6,1,0
BRDA:8,7,0,0
BRDA:8,7,1,0
BRDA:8,8,0,0
BRDA:8,8,1,0
BRDA:8,9,0,0
BRDA:8,9,1,0
BRDA:8,10,0,0
BRDA:8,10,1,0
BRDA:8,11,0,0
BRDA:8,11,1,0
BRDA:8,12,0,0
BRDA:8,12,1,0
BRDA:8,13,0,0
BRDA:8,13,1,0
BRDA:8,13,2,0
BRDA:8,14,0,0
BRDA:8,14,1,0
BRDA:8,15,0,0
BRDA:8,15,1,0
BRDA:8,16,0,0
BRDA:8,16,1,0
BRDA:8,17,0,0
BRDA:8,17,1,0
BRDA:8,18,0,0
BRDA:8,18,1,0
BRDA:10,19,0,0
BRDA:10,19,1,0
BRDA:13,20,0,0
BRDA:13,20,1,0
BRF:43
BRH:0
end_of_record
TN:
SF:/Users/johnny/Desktop/class_notes/Projects/GivingWeb/GivingWeb/src/components/WhatsHappening/index.jsx
FN:1,(anonymous_0)
FN:1,defineProperties
FN:1,(anonymous_2)
FN:10,_interopRequireWildcard
FN:10,_interopRequireDefault
FN:10,_classCallCheck
FN:10,_possibleConstructorReturn
FN:10,_inherits
FN:12,(anonymous_8)
FN:12,WhatsHappening
FN:12,render
FNF:11
FNH:0
FNDA:0,(anonymous_0)
FNDA:0,defineProperties
FNDA:0,(anonymous_2)
FNDA:0,_interopRequireWildcard
FNDA:0,_interopRequireDefault
FNDA:0,_classCallCheck
FNDA:0,_possibleConstructorReturn
FNDA:0,_inherits
FNDA:0,(anonymous_8)
FNDA:0,WhatsHappening
FNDA:0,render
DA:1,0
DA:2,0
DA:3,0
DA:4,0
DA:6,0
DA:8,0
DA:10,0
DA:12,0
DA:14,0
DA:19,0
LF:10
LH:0
BRDA:1,0,0,0
BRDA:1,0,1,0
BRDA:1,1,0,0
BRDA:1,1,1,0
BRDA:1,2,0,0
BRDA:1,2,1,0
BRDA:1,3,0,0
BRDA:1,3,1,0
BRDA:10,4,0,0
BRDA:10,4,1,0
BRDA:10,5,0,0
BRDA:10,5,1,0
BRDA:10,6,0,0
BRDA:10,6,1,0
BRDA:10,7,0,0
BRDA:10,7,1,0
BRDA:10,8,0,0
BRDA:10,8,1,0
BRDA:10,9,0,0
BRDA:10,9,1,0
BRDA:10,10,0,0
BRDA:10,10,1,0
BRDA:10,11,0,0
BRDA:10,11,1,0
BRDA:10,12,0,0
BRDA:10,12,1,0
BRDA:10,13,0,0
BRDA:10,13,1,0
BRDA:10,13,2,0
BRDA:10,14,0,0
BRDA:10,14,1,0
BRDA:10,15,0,0
BRDA:10,15,1,0
BRDA:10,16,0,0
BRDA:10,16,1,0
BRDA:10,17,0,0
BRDA:10,17,1,0
BRDA:10,18,0,0
BRDA:10,18,1,0
BRDA:12,19,0,0
BRDA:12,19,1,0
BRF:41
BRH:0
end_of_record
TN:
SF:/Users/johnny/Desktop/class_notes/Projects/GivingWeb/GivingWeb/src/containers/AuthLandingPage/index.jsx
FN:1,(anonymous_0)
FN:1,defineProperties
FN:1,(anonymous_2)
FN:4,_interopRequireDefault
FN:4,_classCallCheck
FN:4,_possibleConstructorReturn
FN:4,_inherits
FN:6,(anonymous_7)
FN:6,AuthLandingPage
FN:6,render
FNF:10
FNH:0
FNDA:0,(anonymous_0)
FNDA:0,defineProperties
FNDA:0,(anonymous_2)
FNDA:0,_interopRequireDefault
FNDA:0,_classCallCheck
FNDA:0,_possibleConstructorReturn
FNDA:0,_inherits
FNDA:0,(anonymous_7)
FNDA:0,AuthLandingPage
FNDA:0,render
DA:1,0
DA:2,0
DA:4,0
DA:6,0
DA:8,0
DA:55,0
LF:6
LH:0
BRDA:1,0,0,0
BRDA:1,0,1,0
BRDA:1,1,0,0
BRDA:1,1,1,0
BRDA:1,2,0,0
BRDA:1,2,1,0
BRDA:1,3,0,0
BRDA:1,3,1,0
BRDA:4,4,0,0
BRDA:4,4,1,0
BRDA:4,5,0,0
BRDA:4,5,1,0
BRDA:4,6,0,0
BRDA:4,6,1,0
BRDA:4,7,0,0
BRDA:4,7,1,0
BRDA:4,8,0,0
BRDA:4,8,1,0
BRDA:4,9,0,0
BRDA:4,9,1,0
BRDA:4,9,2,0
BRDA:4,10,0,0
BRDA:4,10,1,0
BRDA:4,11,0,0
BRDA:4,11,1,0
BRDA:4,12,0,0
BRDA:4,12,1,0
BRDA:4,13,0,0
BRDA:4,13,1,0
BRDA:4,14,0,0
BRDA:4,14,1,0
BRDA:6,15,0,0
BRDA:6,15,1,0
BRF:33
BRH:0
end_of_record
TN:
SF:/Users/johnny/Desktop/class_notes/Projects/GivingWeb/GivingWeb/src/containers/CharityLogin/index.jsx
FN:1,(anonymous_0)
FN:1,defineProperties
FN:1,(anonymous_2)
FN:3,_interopRequireDefault
FN:3,_classCallCheck
FN:3,_possibleConstructorReturn
FN:3,_inherits
FN:5,(anonymous_7)
FN:5,CharityLogin
FN:5,render
FNF:10
FNH:0
FNDA:0,(anonymous_0)
FNDA:0,defineProperties
FNDA:0,(anonymous_2)
FNDA:0,_interopRequireDefault
FNDA:0,_classCallCheck
FNDA:0,_possibleConstructorReturn
FNDA:0,_inherits
FNDA:0,(anonymous_7)
FNDA:0,CharityLogin
FNDA:0,render
DA:1,0
DA:3,0
DA:5,0
DA:7,0
DA:12,0
LF:5
LH:0
BRDA:1,0,0,0
BRDA:1,0,1,0
BRDA:1,1,0,0
BRDA:1,1,1,0
BRDA:1,2,0,0
BRDA:1,2,1,0
BRDA:1,3,0,0
BRDA:1,3,1,0
BRDA:3,4,0,0
BRDA:3,4,1,0
BRDA:3,5,0,0
BRDA:3,5,1,0
BRDA:3,6,0,0
BRDA:3,6,1,0
BRDA:3,7,0,0
BRDA:3,7,1,0
BRDA:3,8,0,0
BRDA:3,8,1,0
BRDA:3,9,0,0
BRDA:3,9,1,0
BRDA:3,9,2,0
BRDA:3,10,0,0
BRDA:3,10,1,0
BRDA:3,11,0,0
BRDA:3,11,1,0
BRDA:3,12,0,0
BRDA:3,12,1,0
BRDA:3,13,0,0
BRDA:3,13,1,0
BRDA:3,14,0,0
BRDA:3,14,1,0
BRDA:5,15,0,0
BRDA:5,15,1,0
BRF:33
BRH:0
end_of_record
TN:
SF:/Users/johnny/Desktop/class_notes/Projects/GivingWeb/GivingWeb/src/containers/CharityPage/index.jsx
FN:1,(anonymous_0)
FN:1,defineProperties
FN:1,(anonymous_2)
FN:6,_interopRequireDefault
FN:6,_classCallCheck
FN:6,_possibleConstructorReturn
FN:6,_inherits
FN:8,(anonymous_7)
FN:8,CharityPage
FN:8,render
FNF:10
FNH:0
FNDA:0,(anonymous_0)
FNDA:0,defineProperties
FNDA:0,(anonymous_2)
FNDA:0,_interopRequireDefault
FNDA:0,_classCallCheck
FNDA:0,_possibleConstructorReturn
FNDA:0,_inherits
FNDA:0,(anonymous_7)
FNDA:0,CharityPage
FNDA:0,render
DA:1,0
DA:2,0
DA:4,0
DA:6,0
DA:8,0
DA:10,0
DA:72,0
LF:7
LH:0
BRDA:1,0,0,0
BRDA:1,0,1,0
BRDA:1,1,0,0
BRDA:1,1,1,0
BRDA:1,2,0,0
BRDA:1,2,1,0
BRDA:1,3,0,0
BRDA:1,3,1,0
BRDA:6,4,0,0
BRDA:6,4,1,0
BRDA:6,5,0,0
BRDA:6,5,1,0
BRDA:6,6,0,0
BRDA:6,6,1,0
BRDA:6,7,0,0
BRDA:6,7,1,0
BRDA:6,8,0,0
BRDA:6,8,1,0
BRDA:6,9,0,0
BRDA:6,9,1,0
BRDA:6,9,2,0
BRDA:6,10,0,0
BRDA:6,10,1,0
BRDA:6,11,0,0
BRDA:6,11,1,0
BRDA:6,12,0,0
BRDA:6,12,1,0
BRDA:6,13,0,0
BRDA:6,13,1,0
BRDA:6,14,0,0
BRDA:6,14,1,0
BRDA:8,15,0,0
BRDA:8,15,1,0
BRF:33
BRH:0
end_of_record
TN:
SF:/Users/johnny/Desktop/class_notes/Projects/GivingWeb/GivingWeb/src/containers/CharitySignup/index.jsx
FN:1,(anonymous_0)
FN:1,defineProperties
FN:1,(anonymous_2)
FN:3,_interopRequireDefault
FN:3,_classCallCheck
FN:3,_possibleConstructorReturn
FN:3,_inherits
FN:5,(anonymous_7)
FN:5,CharitySignup
FN:5,render
FNF:10
FNH:0
FNDA:0,(anonymous_0)
FNDA:0,defineProperties
FNDA:0,(anonymous_2)
FNDA:0,_interopRequireDefault
FNDA:0,_classCallCheck
FNDA:0,_possibleConstructorReturn
FNDA:0,_inherits
FNDA:0,(anonymous_7)
FNDA:0,CharitySignup
FNDA:0,render
DA:1,0
DA:3,0
DA:5,0
DA:7,0
DA:12,0
LF:5
LH:0
BRDA:1,0,0,0
BRDA:1,0,1,0
BRDA:1,1,0,0
BRDA:1,1,1,0
BRDA:1,2,0,0
BRDA:1,2,1,0
BRDA:1,3,0,0
BRDA:1,3,1,0
BRDA:3,4,0,0
BRDA:3,4,1,0
BRDA:3,5,0,0
BRDA:3,5,1,0
BRDA:3,6,0,0
BRDA:3,6,1,0
BRDA:3,7,0,0
BRDA:3,7,1,0
BRDA:3,8,0,0
BRDA:3,8,1,0
BRDA:3,9,0,0
BRDA:3,9,1,0
BRDA:3,9,2,0
BRDA:3,10,0,0
BRDA:3,10,1,0
BRDA:3,11,0,0
BRDA:3,11,1,0
BRDA:3,12,0,0
BRDA:3,12,1,0
BRDA:3,13,0,0
BRDA:3,13,1,0
BRDA:3,14,0,0
BRDA:3,14,1,0
BRDA:5,15,0,0
BRDA:5,15,1,0
BRF:33
BRH:0
end_of_record
TN:
SF:/Users/johnny/Desktop/class_notes/Projects/GivingWeb/GivingWeb/src/containers/HelpSomeonePage/index.jsx
FN:1,(anonymous_0)
FN:1,defineProperties
FN:1,(anonymous_2)
FN:10,_interopRequireWildcard
FN:10,_interopRequireDefault
FN:10,_classCallCheck
FN:10,_possibleConstructorReturn
FN:10,_inherits
FN:12,(anonymous_8)
FN:12,HelpSomeonePage
FN:12,buildCategoryList
FN:24,buildMemberPreviews
FN:51,componentDidMount
FN:55,render
FN:100,mapStateToProps
FN:105,mapDispatchToProps
FNF:16
FNH:0
FNDA:0,(anonymous_0)
FNDA:0,defineProperties
FNDA:0,(anonymous_2)
FNDA:0,_interopRequireWildcard
FNDA:0,_interopRequireDefault
FNDA:0,_classCallCheck
FNDA:0,_possibleConstructorReturn
FNDA:0,_inherits
FNDA:0,(anonymous_8)
FNDA:0,HelpSomeonePage
FNDA:0,buildCategoryList
FNDA:0,buildMemberPreviews
FNDA:0,componentDidMount
FNDA:0,render
FNDA:0,mapStateToProps
FNDA:0,mapDispatchToProps
DA:1,0
DA:2,0
DA:3,0
DA:5,0
DA:7,0
DA:9,0
DA:10,0
DA:12,0
DA:15,0
DA:18,0
DA:19,0
DA:20,0
DA:23,0
DA:28,0
DA:29,0
DA:30,0
DA:32,0
DA:33,0
DA:34,0
DA:36,0
DA:37,0
DA:40,0
DA:44,0
DA:45,0
DA:50,0
DA:54,0
DA:58,0
DA:96,0
DA:101,0
DA:106,0
DA:107,0
LF:31
LH:0
BRDA:1,0,0,0
BRDA:1,0,1,0
BRDA:1,1,0,0
BRDA:1,1,1,0
BRDA:1,2,0,0
BRDA:1,2,1,0
BRDA:1,3,0,0
BRDA:1,3,1,0
BRDA:10,4,0,0
BRDA:10,4,1,0
BRDA:10,5,0,0
BRDA:10,5,1,0
BRDA:10,6,0,0
BRDA:10,6,1,0
BRDA:10,7,0,0
BRDA:10,7,1,0
BRDA:10,8,0,0
BRDA:10,8,1,0
BRDA:10,9,0,0
BRDA:10,9,1,0
BRDA:10,10,0,0
BRDA:10,10,1,0
BRDA:10,11,0,0
BRDA:10,11,1,0
BRDA:10,12,0,0
BRDA:10,12,1,0
BRDA:10,13,0,0
BRDA:10,13,1,0
BRDA:10,13,2,0
BRDA:10,14,0,0
BRDA:10,14,1,0
BRDA:10,15,0,0
BRDA:10,15,1,0
BRDA:10,16,0,0
BRDA:10,16,1,0
BRDA:10,17,0,0
BRDA:10,17,1,0
BRDA:10,18,0,0
BRDA:10,18,1,0
BRDA:12,19,0,0
BRDA:12,19,1,0
BRDA:36,20,0,0
BRDA:36,20,1,0
BRDA:44,21,0,0
BRDA:44,21,1,0
BRF:45
BRH:0
end_of_record
TN:
SF:/Users/johnny/Desktop/class_notes/Projects/GivingWeb/GivingWeb/src/containers/NoAuthLandingPage/index.jsx
FN:1,(anonymous_0)
FN:1,defineProperties
FN:1,(anonymous_2)
FN:14,_interopRequireWildcard
FN:14,_interopRequireDefault
FN:14,_classCallCheck
FN:14,_possibleConstructorReturn
FN:14,_inherits
FN:16,(anonymous_8)
FN:16,NoAuthLandingPage
FN:16,renderHowItWorks
FN:22,render
FN:38,mapStateToProps
FN:43,mapDispatchToProps
FNF:14
FNH:0
FNDA:0,(anonymous_0)
FNDA:0,defineProperties
FNDA:0,(anonymous_2)
FNDA:0,_interopRequireWildcard
FNDA:0,_interopRequireDefault
FNDA:0,_classCallCheck
FNDA:0,_possibleConstructorReturn
FNDA:0,_inherits
FNDA:0,(anonymous_8)
FNDA:0,NoAuthLandingPage
FNDA:0,renderHowItWorks
FNDA:0,render
FNDA:0,mapStateToProps
FNDA:0,mapDispatchToProps
DA:1,0
DA:2,0
DA:3,0
DA:4,0
DA:6,0
DA:8,0
DA:10,0
DA:11,0
DA:12,0
DA:13,0
DA:14,0
DA:16,0
DA:19,0
DA:20,0
DA:26,0
DA:34,0
DA:39,0
DA:44,0
DA:45,0
LF:19
LH:0
BRDA:1,0,0,0
BRDA:1,0,1,0
BRDA:1,1,0,0
BRDA:1,1,1,0
BRDA:1,2,0,0
BRDA:1,2,1,0
BRDA:1,3,0,0
BRDA:1,3,1,0
BRDA:14,4,0,0
BRDA:14,4,1,0
BRDA:14,5,0,0
BRDA:14,5,1,0
BRDA:14,6,0,0
BRDA:14,6,1,0
BRDA:14,7,0,0
BRDA:14,7,1,0
BRDA:14,8,0,0
BRDA:14,8,1,0
BRDA:14,9,0,0
BRDA:14,9,1,0
BRDA:14,10,0,0
BRDA:14,10,1,0
BRDA:14,11,0,0
BRDA:14,11,1,0
BRDA:14,12,0,0
BRDA:14,12,1,0
BRDA:14,13,0,0
BRDA:14,13,1,0
BRDA:14,13,2,0
BRDA:14,14,0,0
BRDA:14,14,1,0
BRDA:14,15,0,0
BRDA:14,15,1,0
BRDA:14,16,0,0
BRDA:14,16,1,0
BRDA:14,17,0,0
BRDA:14,17,1,0
BRDA:14,18,0,0
BRDA:14,18,1,0
BRDA:16,19,0,0
BRDA:16,19,1,0
BRDA:19,20,0,0
BRDA:19,20,1,0
BRF:43
BRH:0
end_of_record
TN:
SF:/Users/johnny/Desktop/class_notes/Projects/GivingWeb/GivingWeb/src/containers/UserDashboard/index.jsx
FN:1,(anonymous_0)
FN:1,defineProperties
FN:1,(anonymous_2)
FN:3,_interopRequireDefault
FN:3,_classCallCheck
FN:3,_possibleConstructorReturn
FN:3,_inherits
FN:5,(anonymous_7)
FN:5,UserDashboard
FN:5,render
FNF:10
FNH:0
FNDA:0,(anonymous_0)
FNDA:0,defineProperties
FNDA:0,(anonymous_2)
FNDA:0,_interopRequireDefault
FNDA:0,_classCallCheck
FNDA:0,_possibleConstructorReturn
FNDA:0,_inherits
FNDA:0,(anonymous_7)
FNDA:0,UserDashboard
FNDA:0,render
DA:1,0
DA:3,0
DA:5,0
DA:7,0
DA:12,0
LF:5
LH:0
BRDA:1,0,0,0
BRDA:1,0,1,0
BRDA:1,1,0,0
BRDA:1,1,1,0
BRDA:1,2,0,0
BRDA:1,2,1,0
BRDA:1,3,0,0
BRDA:1,3,1,0
BRDA:3,4,0,0
BRDA:3,4,1,0
BRDA:3,5,0,0
BRDA:3,5,1,0
BRDA:3,6,0,0
BRDA:3,6,1,0
BRDA:3,7,0,0
BRDA:3,7,1,0
BRDA:3,8,0,0
BRDA:3,8,1,0
BRDA:3,9,0,0
BRDA:3,9,1,0
BRDA:3,9,2,0
BRDA:3,10,0,0
BRDA:3,10,1,0
BRDA:3,11,0,0
BRDA:3,11,1,0
BRDA:3,12,0,0
BRDA:3,12,1,0
BRDA:3,13,0,0
BRDA:3,13,1,0
BRDA:3,14,0,0
BRDA:3,14,1,0
BRDA:5,15,0,0
BRDA:5,15,1,0
BRF:33
BRH:0
end_of_record
TN:
SF:/Users/johnny/Desktop/class_notes/Projects/GivingWeb/GivingWeb/src/containers/UserLogin/index.jsx
FN:1,(anonymous_0)
FN:1,defineProperties
FN:1,(anonymous_2)
FN:7,_interopRequireWildcard
FN:7,_interopRequireDefault
FN:7,_classCallCheck
FN:7,_possibleConstructorReturn
FN:7,_inherits
FN:9,(anonymous_8)
FN:9,UserLogin
FN:9,componentWillReceiveProps
FN:12,submitForm
FN:23,render
FN:50,mapStateToProps
FN:54,mapDispatchToProps
FNF:15
FNH:0
FNDA:0,(anonymous_0)
FNDA:0,defineProperties
FNDA:0,(anonymous_2)
FNDA:0,_interopRequireWildcard
FNDA:0,_interopRequireDefault
FNDA:0,_classCallCheck
FNDA:0,_possibleConstructorReturn
FNDA:0,_inherits
FNDA:0,(anonymous_8)
FNDA:0,UserLogin
FNDA:0,componentWillReceiveProps
FNDA:0,submitForm
FNDA:0,render
FNDA:0,mapStateToProps
FNDA:0,mapDispatchToProps
DA:1,0
DA:2,0
DA:3,0
DA:5,0
DA:7,0
DA:9,0
DA:15,0
DA:17,0
DA:22,0
DA:26,0
DA:47,0
DA:51,0
DA:55,0
DA:56,0
LF:14
LH:0
BRDA:1,0,0,0
BRDA:1,0,1,0
BRDA:1,1,0,0
BRDA:1,1,1,0
BRDA:1,2,0,0
BRDA:1,2,1,0
BRDA:1,3,0,0
BRDA:1,3,1,0
BRDA:7,4,0,0
BRDA:7,4,1,0
BRDA:7,5,0,0
BRDA:7,5,1,0
BRDA:7,6,0,0
BRDA:7,6,1,0
BRDA:7,7,0,0
BRDA:7,7,1,0
BRDA:7,8,0,0
BRDA:7,8,1,0
BRDA:7,9,0,0
BRDA:7,9,1,0
BRDA:7,10,0,0
BRDA:7,10,1,0
BRDA:7,11,0,0
BRDA:7,11,1,0
BRDA:7,12,0,0
BRDA:7,12,1,0
BRDA:7,13,0,0
BRDA:7,13,1,0
BRDA:7,13,2,0
BRDA:7,14,0,0
BRDA:7,14,1,0
BRDA:7,15,0,0
BRDA:7,15,1,0
BRDA:7,16,0,0
BRDA:7,16,1,0
BRDA:7,17,0,0
BRDA:7,17,1,0
BRDA:7,18,0,0
BRDA:7,18,1,0
BRDA:9,19,0,0
BRDA:9,19,1,0
BRF:41
BRH:0
end_of_record
TN:
SF:/Users/johnny/Desktop/class_notes/Projects/GivingWeb/GivingWeb/src/containers/UserSignup/index.jsx
FN:1,(anonymous_0)
FN:1,defineProperties
FN:1,(anonymous_2)
FN:7,_interopRequireWildcard
FN:7,_interopRequireDefault
FN:7,_classCallCheck
FN:7,_possibleConstructorReturn
FN:7,_inherits
FN:9,(anonymous_8)
FN:9,UserSignup
FN:9,formSubmit
FN:23,render
FN:67,mapStateToProps
FN:71,mapDispatchToProps
FNF:14
FNH:0
FNDA:0,(anonymous_0)
FNDA:0,defineProperties
FNDA:0,(anonymous_2)
FNDA:0,_interopRequireWildcard
FNDA:0,_interopRequireDefault
FNDA:0,_classCallCheck
FNDA:0,_possibleConstructorReturn
FNDA:0,_inherits
FNDA:0,(anonymous_8)
FNDA:0,UserSignup
FNDA:0,formSubmit
FNDA:0,render
FNDA:0,mapStateToProps
FNDA:0,mapDispatchToProps
DA:1,0
DA:2,0
DA:3,0
DA:5,0
DA:7,0
DA:9,0
DA:12,0
DA:14,0
DA:22,0
DA:27,0
DA:64,0
DA:68,0
DA:72,0
DA:73,0
LF:14
LH:0
BRDA:1,0,0,0
BRDA:1,0,1,0
BRDA:1,1,0,0
BRDA:1,1,1,0
BRDA:1,2,0,0
BRDA:1,2,1,0
BRDA:1,3,0,0
BRDA:1,3,1,0
BRDA:7,4,0,0
BRDA:7,4,1,0
BRDA:7,5,0,0
BRDA:7,5,1,0
BRDA:7,6,0,0
BRDA:7,6,1,0
BRDA:7,7,0,0
BRDA:7,7,1,0
BRDA:7,8,0,0
BRDA:7,8,1,0
BRDA:7,9,0,0
BRDA:7,9,1,0
BRDA:7,10,0,0
BRDA:7,10,1,0
BRDA:7,11,0,0
BRDA:7,11,1,0
BRDA:7,12,0,0
BRDA:7,12,1,0
BRDA:7,13,0,0
BRDA:7,13,1,0
BRDA:7,13,2,0
BRDA:7,14,0,0
BRDA:7,14,1,0
BRDA:7,15,0,0
BRDA:7,15,1,0
BRDA:7,16,0,0
BRDA:7,16,1,0
BRDA:7,17,0,0
BRDA:7,17,1,0
BRDA:7,18,0,0
BRDA:7,18,1,0
BRDA:9,19,0,0
BRDA:9,19,1,0
BRF:41
BRH:0
end_of_record
TN:
SF:/Users/johnny/Desktop/class_notes/Projects/GivingWeb/GivingWeb/src/reducers/auth.js
FN:1,_interopRequireDefault
FN:3,auth
FNF:2
FNH:0
FNDA:0,_interopRequireDefault
FNDA:0,auth
DA:1,0
DA:3,0
DA:4,0
DA:6,0
DA:8,0
DA:10,0
DA:11,0
DA:13,0
DA:15,0
DA:17,0
DA:18,0
DA:20,0
DA:22,0
LF:13
LH:0
BRDA:1,0,0,0
BRDA:1,0,1,0
BRDA:1,1,0,0
BRDA:1,1,1,0
BRDA:3,2,0,0
BRDA:3,2,1,0
BRDA:3,3,0,0
BRDA:3,3,1,0
BRDA:4,4,0,0
BRDA:4,4,1,0
BRDA:4,4,2,0
BRDA:4,4,3,0
BRDA:4,4,4,0
BRDA:4,4,5,0
BRDA:4,4,6,0
BRF:15
BRH:0
end_of_record
TN:
SF:/Users/johnny/Desktop/class_notes/Projects/GivingWeb/GivingWeb/src/reducers/helpSomeone.js
FN:1,helpSomeone
FNF:1
FNH:0
FNDA:0,helpSomeone
DA:1,0
DA:3,0
DA:5,0
DA:7,0
DA:9,0
DA:10,0
DA:12,0
DA:14,0
LF:8
LH:0
BRDA:1,0,0,0
BRDA:1,0,1,0
BRDA:1,1,0,0
BRDA:1,1,1,0
BRDA:3,2,0,0
BRDA:3,2,1,0
BRDA:3,2,2,0
BRDA:3,2,3,0
BRF:8
BRH:0
end_of_record
TN:
SF:/Users/johnny/Desktop/class_notes/Projects/GivingWeb/GivingWeb/src/reducers/howItWorks.js
FN:1,howItWorks
FNF:1
FNH:0
FNDA:0,howItWorks
DA:1,0
DA:3,0
DA:5,0
DA:7,0
DA:10,0
LF:5
LH:0
BRDA:1,0,0,0
BRDA:1,0,1,0
BRDA:1,1,0,0
BRDA:1,1,1,0
BRDA:3,2,0,0
BRDA:3,2,1,0
BRF:6
BRH:0
end_of_record
TN:
SF:/Users/johnny/Desktop/class_notes/Projects/GivingWeb/GivingWeb/src/reducers/index.js
FN:8,_interopRequireDefault
FNF:1
FNH:0
FNDA:0,_interopRequireDefault
DA:1,0
DA:2,0
DA:4,0
DA:5,0
DA:6,0
DA:7,0
DA:8,0
DA:10,0
DA:16,0
LF:9
LH:0
BRDA:8,0,0,0
BRDA:8,0,1,0
BRDA:8,1,0,0
BRDA:8,1,1,0
BRF:4
BRH:0
end_of_record
TN:
SF:/Users/johnny/Desktop/class_notes/Projects/GivingWeb/GivingWeb/src/reducers/navigation.js
FN:1,navigation
FNF:1
FNH:0
FNDA:0,navigation
DA:1,0
DA:2,0
DA:4,0
DA:6,0
DA:9,0
LF:5
LH:0
BRDA:1,0,0,0
BRDA:1,0,1,0
BRDA:1,1,0,0
BRDA:1,1,1,0
BRDA:2,2,0,0
BRDA:2,2,1,0
BRF:6
BRH:0
end_of_record
TN:
SF:/Users/johnny/Desktop/class_notes/Projects/GivingWeb/GivingWeb/src/reducers/noAuthSubNavigation.js
FN:1,noAuthSubNavigation
FNF:1
FNH:0
FNDA:0,noAuthSubNavigation
DA:1,0
DA:3,0
DA:5,0
DA:7,0
DA:9,0
LF:5
LH:0
BRDA:1,0,0,0
BRDA:1,0,1,0
BRDA:1,1,0,0
BRDA:1,1,1,0
BRDA:3,2,0,0
BRDA:3,2,1,0
BRF:6
BRH:0
end_of_record
TN:
SF:/Users/johnny/Desktop/class_notes/Projects/GivingWeb/GivingWeb/src/utils/saveAuthTokenToLocalStorage.js
FN:3,_interopRequireDefault
FN:3,saveAuthTokenToLocalStorage
FNF:2
FNH:0
FNDA:0,_interopRequireDefault
FNDA:0,saveAuthTokenToLocalStorage
DA:1,0
DA:3,0
DA:4,0
DA:5,0
LF:4
LH:0
BRDA:3,0,0,0
BRDA:3,0,1,0
BRDA:3,1,0,0
BRDA:3,1,1,0
BRF:4
BRH:0
end_of_record
TN:
SF:/Users/johnny/Desktop/class_notes/Projects/GivingWeb/GivingWeb/src/utils/setAuthToken.js
FN:3,_interopRequireDefault
FN:3,setAuthToken
FNF:2
FNH:0
FNDA:0,_interopRequireDefault
FNDA:0,setAuthToken
DA:1,0
DA:3,0
DA:4,0
DA:5,0
DA:7,0
LF:5
LH:0
BRDA:3,0,0,0
BRDA:3,0,1,0
BRDA:3,1,0,0
BRDA:3,1,1,0
BRDA:4,2,0,0
BRDA:4,2,1,0
BRF:6
BRH:0
end_of_record
